2018-04-30 04:29:12 startup archives unpack
2018-04-30 04:29:12 install libssl1.0.0:amd64 <none> 1.0.2l-1~bpo8+1
2018-04-30 04:29:12 status half-installed libssl1.0.0:amd64 1.0.2l-1~bpo8+1
2018-04-30 04:29:12 status unpacked libssl1.0.0:amd64 1.0.2l-1~bpo8+1
2018-04-30 04:29:12 status unpacked libssl1.0.0:amd64 1.0.2l-1~bpo8+1
2018-04-30 04:29:12 install libsasl2-modules-db:amd64 <none> 2.1.26.dfsg1-13+deb8u1
2018-04-30 04:29:12 status half-installed libsasl2-modules-db:amd64 2.1.26.dfsg1-13+deb8u1
2018-04-30 04:29:12 status unpacked libsasl2-modules-db:amd64 2.1.26.dfsg1-13+deb8u1
2018-04-30 04:29:12 status unpacked libsasl2-modules-db:amd64 2.1.26.dfsg1-13+deb8u1
2018-04-30 04:29:12 install libsasl2-2:amd64 <none> 2.1.26.dfsg1-13+deb8u1
2018-04-30 04:29:12 status half-installed libsasl2-2:amd64 2.1.26.dfsg1-13+deb8u1
2018-04-30 04:29:12 status unpacked libsasl2-2:amd64 2.1.26.dfsg1-13+deb8u1
2018-04-30 04:29:12 status unpacked libsasl2-2:amd64 2.1.26.dfsg1-13+deb8u1
2018-04-30 04:29:12 install libldap-2.4-2:amd64 <none> 2.4.40+dfsg-1+deb8u3
2018-04-30 04:29:12 status half-installed libldap-2.4-2:amd64 2.4.40+dfsg-1+deb8u3
2018-04-30 04:29:12 status unpacked libldap-2.4-2:amd64 2.4.40+dfsg-1+deb8u3
2018-04-30 04:29:12 status unpacked libldap-2.4-2:amd64 2.4.40+dfsg-1+deb8u3
2018-04-30 04:29:12 install libxml2:amd64 <none> 2.9.1+dfsg1-5+deb8u6
2018-04-30 04:29:12 status half-installed libxml2:amd64 2.9.1+dfsg1-5+deb8u6
2018-04-30 04:29:12 status unpacked libxml2:amd64 2.9.1+dfsg1-5+deb8u6
2018-04-30 04:29:12 status unpacked libxml2:amd64 2.9.1+dfsg1-5+deb8u6
2018-04-30 04:29:12 install libapr1:amd64 <none> 1.5.1-3
2018-04-30 04:29:12 status half-installed libapr1:amd64 1.5.1-3
2018-04-30 04:29:12 status unpacked libapr1:amd64 1.5.1-3
2018-04-30 04:29:12 status unpacked libapr1:amd64 1.5.1-3
2018-04-30 04:29:12 install libexpat1:amd64 <none> 2.1.0-6+deb8u4
2018-04-30 04:29:12 status half-installed libexpat1:amd64 2.1.0-6+deb8u4
2018-04-30 04:29:12 status unpacked libexpat1:amd64 2.1.0-6+deb8u4
2018-04-30 04:29:12 status unpacked libexpat1:amd64 2.1.0-6+deb8u4
2018-04-30 04:29:12 install libaprutil1:amd64 <none> 1.5.4-1
2018-04-30 04:29:12 status half-installed libaprutil1:amd64 1.5.4-1
2018-04-30 04:29:12 status unpacked libaprutil1:amd64 1.5.4-1
2018-04-30 04:29:12 status unpacked libaprutil1:amd64 1.5.4-1
2018-04-30 04:29:12 install liblua5.2-0:amd64 <none> 5.2.3-1.1
2018-04-30 04:29:12 status half-installed liblua5.2-0:amd64 5.2.3-1.1
2018-04-30 04:29:12 status unpacked liblua5.2-0:amd64 5.2.3-1.1
2018-04-30 04:29:12 status unpacked liblua5.2-0:amd64 5.2.3-1.1
2018-04-30 04:29:12 install libsctp1:amd64 <none> 1.0.16+dfsg-2
2018-04-30 04:29:12 status half-installed libsctp1:amd64 1.0.16+dfsg-2
2018-04-30 04:29:12 status unpacked libsctp1:amd64 1.0.16+dfsg-2
2018-04-30 04:29:12 status unpacked libsctp1:amd64 1.0.16+dfsg-2
2018-04-30 04:29:12 install libpcre++0:amd64 <none> 0.9.5-6
2018-04-30 04:29:12 status half-installed libpcre++0:amd64 0.9.5-6
2018-04-30 04:29:12 status unpacked libpcre++0:amd64 0.9.5-6
2018-04-30 04:29:12 status unpacked libpcre++0:amd64 0.9.5-6
2018-04-30 04:29:12 install libc-dev-bin:amd64 <none> 2.19-18+deb8u10
2018-04-30 04:29:12 status half-installed libc-dev-bin:amd64 2.19-18+deb8u10
2018-04-30 04:29:12 status unpacked libc-dev-bin:amd64 2.19-18+deb8u10
2018-04-30 04:29:12 status unpacked libc-dev-bin:amd64 2.19-18+deb8u10
2018-04-30 04:29:12 install linux-libc-dev:amd64 <none> 3.16.51-3+deb8u1
2018-04-30 04:29:12 status half-installed linux-libc-dev:amd64 3.16.51-3+deb8u1
2018-04-30 04:29:13 status unpacked linux-libc-dev:amd64 3.16.51-3+deb8u1
2018-04-30 04:29:13 status unpacked linux-libc-dev:amd64 3.16.51-3+deb8u1
2018-04-30 04:29:13 install libc6-dev:amd64 <none> 2.19-18+deb8u10
2018-04-30 04:29:13 status half-installed libc6-dev:amd64 2.19-18+deb8u10
2018-04-30 04:29:13 status unpacked libc6-dev:amd64 2.19-18+deb8u10
2018-04-30 04:29:13 status unpacked libc6-dev:amd64 2.19-18+deb8u10
2018-04-30 04:29:13 install uuid-dev:amd64 <none> 2.25.2-6
2018-04-30 04:29:13 status half-installed uuid-dev:amd64 2.25.2-6
2018-04-30 04:29:13 status unpacked uuid-dev:amd64 2.25.2-6
2018-04-30 04:29:13 status unpacked uuid-dev:amd64 2.25.2-6
2018-04-30 04:29:13 install libsctp-dev:amd64 <none> 1.0.16+dfsg-2
2018-04-30 04:29:13 status half-installed libsctp-dev:amd64 1.0.16+dfsg-2
2018-04-30 04:29:13 status unpacked libsctp-dev:amd64 1.0.16+dfsg-2
2018-04-30 04:29:13 status unpacked libsctp-dev:amd64 1.0.16+dfsg-2
2018-04-30 04:29:13 install libapr1-dev:amd64 <none> 1.5.1-3
2018-04-30 04:29:13 status half-installed libapr1-dev:amd64 1.5.1-3
2018-04-30 04:29:13 status unpacked libapr1-dev:amd64 1.5.1-3
2018-04-30 04:29:13 status unpacked libapr1-dev:amd64 1.5.1-3
2018-04-30 04:29:13 install libldap2-dev:amd64 <none> 2.4.40+dfsg-1+deb8u3
2018-04-30 04:29:13 status half-installed libldap2-dev:amd64 2.4.40+dfsg-1+deb8u3
2018-04-30 04:29:13 status unpacked libldap2-dev:amd64 2.4.40+dfsg-1+deb8u3
2018-04-30 04:29:13 status unpacked libldap2-dev:amd64 2.4.40+dfsg-1+deb8u3
2018-04-30 04:29:13 install libexpat1-dev:amd64 <none> 2.1.0-6+deb8u4
2018-04-30 04:29:13 status half-installed libexpat1-dev:amd64 2.1.0-6+deb8u4
2018-04-30 04:29:13 status unpacked libexpat1-dev:amd64 2.1.0-6+deb8u4
2018-04-30 04:29:13 status unpacked libexpat1-dev:amd64 2.1.0-6+deb8u4
2018-04-30 04:29:13 install libaprutil1-dev:amd64 <none> 1.5.4-1
2018-04-30 04:29:13 status half-installed libaprutil1-dev:amd64 1.5.4-1
2018-04-30 04:29:13 status unpacked libaprutil1-dev:amd64 1.5.4-1
2018-04-30 04:29:13 status unpacked libaprutil1-dev:amd64 1.5.4-1
2018-04-30 04:29:13 install libaprutil1-ldap:amd64 <none> 1.5.4-1
2018-04-30 04:29:13 status half-installed libaprutil1-ldap:amd64 1.5.4-1
2018-04-30 04:29:13 status unpacked libaprutil1-ldap:amd64 1.5.4-1
2018-04-30 04:29:13 status unpacked libaprutil1-ldap:amd64 1.5.4-1
2018-04-30 04:29:13 install libnghttp2-14:amd64 <none> 1.18.1-1
2018-04-30 04:29:13 status triggers-pending libc-bin:amd64 2.19-18+deb8u10
2018-04-30 04:29:13 status half-installed libnghttp2-14:amd64 1.18.1-1
2018-04-30 04:29:13 status unpacked libnghttp2-14:amd64 1.18.1-1
2018-04-30 04:29:13 status unpacked libnghttp2-14:amd64 1.18.1-1
2018-04-30 04:29:13 trigproc libc-bin:amd64 2.19-18+deb8u10 <none>
2018-04-30 04:29:13 status half-configured libc-bin:amd64 2.19-18+deb8u10
2018-04-30 04:29:14 status installed libc-bin:amd64 2.19-18+deb8u10
2018-04-30 04:29:15 startup packages configure
2018-04-30 04:29:15 configure libssl1.0.0:amd64 1.0.2l-1~bpo8+1 <none>
2018-04-30 04:29:15 status unpacked libssl1.0.0:amd64 1.0.2l-1~bpo8+1
2018-04-30 04:29:15 status half-configured libssl1.0.0:amd64 1.0.2l-1~bpo8+1
2018-04-30 04:29:15 status installed libssl1.0.0:amd64 1.0.2l-1~bpo8+1
2018-04-30 04:29:15 status triggers-pending libc-bin:amd64 2.19-18+deb8u10
2018-04-30 04:29:15 configure libsasl2-modules-db:amd64 2.1.26.dfsg1-13+deb8u1 <none>
2018-04-30 04:29:15 status unpacked libsasl2-modules-db:amd64 2.1.26.dfsg1-13+deb8u1
2018-04-30 04:29:15 status half-configured libsasl2-modules-db:amd64 2.1.26.dfsg1-13+deb8u1
2018-04-30 04:29:15 status installed libsasl2-modules-db:amd64 2.1.26.dfsg1-13+deb8u1
2018-04-30 04:29:15 configure libsasl2-2:amd64 2.1.26.dfsg1-13+deb8u1 <none>
2018-04-30 04:29:15 status unpacked libsasl2-2:amd64 2.1.26.dfsg1-13+deb8u1
2018-04-30 04:29:15 status half-configured libsasl2-2:amd64 2.1.26.dfsg1-13+deb8u1
2018-04-30 04:29:15 status installed libsasl2-2:amd64 2.1.26.dfsg1-13+deb8u1
2018-04-30 04:29:15 configure libldap-2.4-2:amd64 2.4.40+dfsg-1+deb8u3 <none>
2018-04-30 04:29:15 status unpacked libldap-2.4-2:amd64 2.4.40+dfsg-1+deb8u3
2018-04-30 04:29:15 status unpacked libldap-2.4-2:amd64 2.4.40+dfsg-1+deb8u3
2018-04-30 04:29:15 status half-configured libldap-2.4-2:amd64 2.4.40+dfsg-1+deb8u3
2018-04-30 04:29:15 status installed libldap-2.4-2:amd64 2.4.40+dfsg-1+deb8u3
2018-04-30 04:29:15 configure libxml2:amd64 2.9.1+dfsg1-5+deb8u6 <none>
2018-04-30 04:29:15 status unpacked libxml2:amd64 2.9.1+dfsg1-5+deb8u6
2018-04-30 04:29:15 status half-configured libxml2:amd64 2.9.1+dfsg1-5+deb8u6
2018-04-30 04:29:15 status installed libxml2:amd64 2.9.1+dfsg1-5+deb8u6
2018-04-30 04:29:15 configure libapr1:amd64 1.5.1-3 <none>
2018-04-30 04:29:15 status unpacked libapr1:amd64 1.5.1-3
2018-04-30 04:29:15 status half-configured libapr1:amd64 1.5.1-3
2018-04-30 04:29:15 status installed libapr1:amd64 1.5.1-3
2018-04-30 04:29:15 configure libexpat1:amd64 2.1.0-6+deb8u4 <none>
2018-04-30 04:29:15 status unpacked libexpat1:amd64 2.1.0-6+deb8u4
2018-04-30 04:29:15 status half-configured libexpat1:amd64 2.1.0-6+deb8u4
2018-04-30 04:29:15 status installed libexpat1:amd64 2.1.0-6+deb8u4
2018-04-30 04:29:15 configure libaprutil1:amd64 1.5.4-1 <none>
2018-04-30 04:29:15 status unpacked libaprutil1:amd64 1.5.4-1
2018-04-30 04:29:15 status half-configured libaprutil1:amd64 1.5.4-1
2018-04-30 04:29:15 status installed libaprutil1:amd64 1.5.4-1
2018-04-30 04:29:15 configure liblua5.2-0:amd64 5.2.3-1.1 <none>
2018-04-30 04:29:15 status unpacked liblua5.2-0:amd64 5.2.3-1.1
2018-04-30 04:29:15 status half-configured liblua5.2-0:amd64 5.2.3-1.1
2018-04-30 04:29:15 status installed liblua5.2-0:amd64 5.2.3-1.1
2018-04-30 04:29:15 configure libsctp1:amd64 1.0.16+dfsg-2 <none>
2018-04-30 04:29:15 status unpacked libsctp1:amd64 1.0.16+dfsg-2
2018-04-30 04:29:15 status half-configured libsctp1:amd64 1.0.16+dfsg-2
2018-04-30 04:29:15 status installed libsctp1:amd64 1.0.16+dfsg-2
2018-04-30 04:29:15 configure libpcre++0:amd64 0.9.5-6 <none>
2018-04-30 04:29:15 status unpacked libpcre++0:amd64 0.9.5-6
2018-04-30 04:29:15 status half-configured libpcre++0:amd64 0.9.5-6
2018-04-30 04:29:15 status installed libpcre++0:amd64 0.9.5-6
2018-04-30 04:29:15 configure libc-dev-bin:amd64 2.19-18+deb8u10 <none>
2018-04-30 04:29:15 status unpacked libc-dev-bin:amd64 2.19-18+deb8u10
2018-04-30 04:29:15 status half-configured libc-dev-bin:amd64 2.19-18+deb8u10
2018-04-30 04:29:15 status installed libc-dev-bin:amd64 2.19-18+deb8u10
2018-04-30 04:29:15 configure linux-libc-dev:amd64 3.16.51-3+deb8u1 <none>
2018-04-30 04:29:15 status unpacked linux-libc-dev:amd64 3.16.51-3+deb8u1
2018-04-30 04:29:15 status half-configured linux-libc-dev:amd64 3.16.51-3+deb8u1
2018-04-30 04:29:15 status installed linux-libc-dev:amd64 3.16.51-3+deb8u1
2018-04-30 04:29:15 configure libc6-dev:amd64 2.19-18+deb8u10 <none>
2018-04-30 04:29:15 status unpacked libc6-dev:amd64 2.19-18+deb8u10
2018-04-30 04:29:15 status half-configured libc6-dev:amd64 2.19-18+deb8u10
2018-04-30 04:29:15 status installed libc6-dev:amd64 2.19-18+deb8u10
2018-04-30 04:29:15 configure uuid-dev:amd64 2.25.2-6 <none>
2018-04-30 04:29:15 status unpacked uuid-dev:amd64 2.25.2-6
2018-04-30 04:29:15 status half-configured uuid-dev:amd64 2.25.2-6
2018-04-30 04:29:15 status installed uuid-dev:amd64 2.25.2-6
2018-04-30 04:29:15 configure libsctp-dev:amd64 1.0.16+dfsg-2 <none>
2018-04-30 04:29:15 status unpacked libsctp-dev:amd64 1.0.16+dfsg-2
2018-04-30 04:29:15 status half-configured libsctp-dev:amd64 1.0.16+dfsg-2
2018-04-30 04:29:15 status installed libsctp-dev:amd64 1.0.16+dfsg-2
2018-04-30 04:29:15 configure libapr1-dev:amd64 1.5.1-3 <none>
2018-04-30 04:29:15 status unpacked libapr1-dev:amd64 1.5.1-3
2018-04-30 04:29:15 status half-configured libapr1-dev:amd64 1.5.1-3
2018-04-30 04:29:15 status installed libapr1-dev:amd64 1.5.1-3
2018-04-30 04:29:15 configure libldap2-dev:amd64 2.4.40+dfsg-1+deb8u3 <none>
2018-04-30 04:29:15 status unpacked libldap2-dev:amd64 2.4.40+dfsg-1+deb8u3
2018-04-30 04:29:15 status half-configured libldap2-dev:amd64 2.4.40+dfsg-1+deb8u3
2018-04-30 04:29:15 status installed libldap2-dev:amd64 2.4.40+dfsg-1+deb8u3
2018-04-30 04:29:15 configure libexpat1-dev:amd64 2.1.0-6+deb8u4 <none>
2018-04-30 04:29:15 status unpacked libexpat1-dev:amd64 2.1.0-6+deb8u4
2018-04-30 04:29:15 status half-configured libexpat1-dev:amd64 2.1.0-6+deb8u4
2018-04-30 04:29:15 status installed libexpat1-dev:amd64 2.1.0-6+deb8u4
2018-04-30 04:29:15 configure libaprutil1-dev:amd64 1.5.4-1 <none>
2018-04-30 04:29:15 status unpacked libaprutil1-dev:amd64 1.5.4-1
2018-04-30 04:29:15 status half-configured libaprutil1-dev:amd64 1.5.4-1
2018-04-30 04:29:15 status installed libaprutil1-dev:amd64 1.5.4-1
2018-04-30 04:29:15 configure libaprutil1-ldap:amd64 1.5.4-1 <none>
2018-04-30 04:29:15 status unpacked libaprutil1-ldap:amd64 1.5.4-1
2018-04-30 04:29:15 status half-configured libaprutil1-ldap:amd64 1.5.4-1
2018-04-30 04:29:15 status installed libaprutil1-ldap:amd64 1.5.4-1
2018-04-30 04:29:15 configure libnghttp2-14:amd64 1.18.1-1 <none>
2018-04-30 04:29:15 status unpacked libnghttp2-14:amd64 1.18.1-1
2018-04-30 04:29:15 status half-configured libnghttp2-14:amd64 1.18.1-1
2018-04-30 04:29:15 status installed libnghttp2-14:amd64 1.18.1-1
2018-04-30 04:29:15 trigproc libc-bin:amd64 2.19-18+deb8u10 <none>
2018-04-30 04:29:15 status half-configured libc-bin:amd64 2.19-18+deb8u10
2018-04-30 04:29:15 status installed libc-bin:amd64 2.19-18+deb8u10
2018-04-30 04:29:16 startup packages configure
2018-04-30 04:29:38 startup archives unpack
2018-04-30 04:29:39 install libgdbm3:amd64 <none> 1.8.3-13.1
2018-04-30 04:29:39 status half-installed libgdbm3:amd64 1.8.3-13.1
2018-04-30 04:29:39 status unpacked libgdbm3:amd64 1.8.3-13.1
2018-04-30 04:29:39 status unpacked libgdbm3:amd64 1.8.3-13.1
2018-04-30 04:29:39 install libidn11:amd64 <none> 1.29-1+deb8u2
2018-04-30 04:29:39 status half-installed libidn11:amd64 1.29-1+deb8u2
2018-04-30 04:29:39 status unpacked libidn11:amd64 1.29-1+deb8u2
2018-04-30 04:29:39 status unpacked libidn11:amd64 1.29-1+deb8u2
2018-04-30 04:29:39 install perl-modules:all <none> 5.20.2-3+deb8u10
2018-04-30 04:29:39 status half-installed perl-modules:all 5.20.2-3+deb8u10
2018-04-30 04:29:39 status unpacked perl-modules:all 5.20.2-3+deb8u10
2018-04-30 04:29:39 status unpacked perl-modules:all 5.20.2-3+deb8u10
2018-04-30 04:29:39 install perl:amd64 <none> 5.20.2-3+deb8u10
2018-04-30 04:29:39 status half-installed perl:amd64 5.20.2-3+deb8u10
2018-04-30 04:29:39 status unpacked perl:amd64 5.20.2-3+deb8u10
2018-04-30 04:29:39 status unpacked perl:amd64 5.20.2-3+deb8u10
2018-04-30 04:29:39 install libasan1:amd64 <none> 4.9.2-10+deb8u1
2018-04-30 04:29:39 status half-installed libasan1:amd64 4.9.2-10+deb8u1
2018-04-30 04:29:39 status unpacked libasan1:amd64 4.9.2-10+deb8u1
2018-04-30 04:29:39 status unpacked libasan1:amd64 4.9.2-10+deb8u1
2018-04-30 04:29:39 install libatomic1:amd64 <none> 4.9.2-10+deb8u1
2018-04-30 04:29:39 status half-installed libatomic1:amd64 4.9.2-10+deb8u1
2018-04-30 04:29:39 status unpacked libatomic1:amd64 4.9.2-10+deb8u1
2018-04-30 04:29:39 status unpacked libatomic1:amd64 4.9.2-10+deb8u1
2018-04-30 04:29:39 install libcilkrts5:amd64 <none> 4.9.2-10+deb8u1
2018-04-30 04:29:39 status half-installed libcilkrts5:amd64 4.9.2-10+deb8u1
2018-04-30 04:29:39 status unpacked libcilkrts5:amd64 4.9.2-10+deb8u1
2018-04-30 04:29:39 status unpacked libcilkrts5:amd64 4.9.2-10+deb8u1
2018-04-30 04:29:39 install libisl10:amd64 <none> 0.12.2-2
2018-04-30 04:29:39 status half-installed libisl10:amd64 0.12.2-2
2018-04-30 04:29:39 status unpacked libisl10:amd64 0.12.2-2
2018-04-30 04:29:39 status unpacked libisl10:amd64 0.12.2-2
2018-04-30 04:29:39 install libcloog-isl4:amd64 <none> 0.18.2-1+b2
2018-04-30 04:29:39 status half-installed libcloog-isl4:amd64 0.18.2-1+b2
2018-04-30 04:29:39 status unpacked libcloog-isl4:amd64 0.18.2-1+b2
2018-04-30 04:29:39 status unpacked libcloog-isl4:amd64 0.18.2-1+b2
2018-04-30 04:29:39 install libglib2.0-0:amd64 <none> 2.42.1-1+b1
2018-04-30 04:29:39 status half-installed libglib2.0-0:amd64 2.42.1-1+b1
2018-04-30 04:29:39 status unpacked libglib2.0-0:amd64 2.42.1-1+b1
2018-04-30 04:29:39 status unpacked libglib2.0-0:amd64 2.42.1-1+b1
2018-04-30 04:29:40 install libgomp1:amd64 <none> 4.9.2-10+deb8u1
2018-04-30 04:29:40 status half-installed libgomp1:amd64 4.9.2-10+deb8u1
2018-04-30 04:29:40 status unpacked libgomp1:amd64 4.9.2-10+deb8u1
2018-04-30 04:29:40 status unpacked libgomp1:amd64 4.9.2-10+deb8u1
2018-04-30 04:29:40 install libicu52:amd64 <none> 52.1-8+deb8u7
2018-04-30 04:29:40 status half-installed libicu52:amd64 52.1-8+deb8u7
2018-04-30 04:29:40 status unpacked libicu52:amd64 52.1-8+deb8u7
2018-04-30 04:29:40 status unpacked libicu52:amd64 52.1-8+deb8u7
2018-04-30 04:29:40 install libitm1:amd64 <none> 4.9.2-10+deb8u1
2018-04-30 04:29:40 status half-installed libitm1:amd64 4.9.2-10+deb8u1
2018-04-30 04:29:40 status unpacked libitm1:amd64 4.9.2-10+deb8u1
2018-04-30 04:29:40 status unpacked libitm1:amd64 4.9.2-10+deb8u1
2018-04-30 04:29:40 install liblsan0:amd64 <none> 4.9.2-10+deb8u1
2018-04-30 04:29:40 status half-installed liblsan0:amd64 4.9.2-10+deb8u1
2018-04-30 04:29:40 status unpacked liblsan0:amd64 4.9.2-10+deb8u1
2018-04-30 04:29:40 status unpacked liblsan0:amd64 4.9.2-10+deb8u1
2018-04-30 04:29:40 install libmpfr4:amd64 <none> 3.1.2-2
2018-04-30 04:29:40 status half-installed libmpfr4:amd64 3.1.2-2
2018-04-30 04:29:40 status unpacked libmpfr4:amd64 3.1.2-2
2018-04-30 04:29:40 status unpacked libmpfr4:amd64 3.1.2-2
2018-04-30 04:29:40 install libpcrecpp0:amd64 <none> 2:8.35-3.3+deb8u4
2018-04-30 04:29:40 status half-installed libpcrecpp0:amd64 2:8.35-3.3+deb8u4
2018-04-30 04:29:40 status unpacked libpcrecpp0:amd64 2:8.35-3.3+deb8u4
2018-04-30 04:29:40 status unpacked libpcrecpp0:amd64 2:8.35-3.3+deb8u4
2018-04-30 04:29:40 install libquadmath0:amd64 <none> 4.9.2-10+deb8u1
2018-04-30 04:29:40 status half-installed libquadmath0:amd64 4.9.2-10+deb8u1
2018-04-30 04:29:40 status unpacked libquadmath0:amd64 4.9.2-10+deb8u1
2018-04-30 04:29:40 status unpacked libquadmath0:amd64 4.9.2-10+deb8u1
2018-04-30 04:29:40 install libtsan0:amd64 <none> 4.9.2-10+deb8u1
2018-04-30 04:29:40 status half-installed libtsan0:amd64 4.9.2-10+deb8u1
2018-04-30 04:29:40 status unpacked libtsan0:amd64 4.9.2-10+deb8u1
2018-04-30 04:29:40 status unpacked libtsan0:amd64 4.9.2-10+deb8u1
2018-04-30 04:29:40 install libubsan0:amd64 <none> 4.9.2-10+deb8u1
2018-04-30 04:29:40 status half-installed libubsan0:amd64 4.9.2-10+deb8u1
2018-04-30 04:29:40 status unpacked libubsan0:amd64 4.9.2-10+deb8u1
2018-04-30 04:29:40 status unpacked libubsan0:amd64 4.9.2-10+deb8u1
2018-04-30 04:29:40 install libmpc3:amd64 <none> 1.0.2-1
2018-04-30 04:29:40 status half-installed libmpc3:amd64 1.0.2-1
2018-04-30 04:29:40 status unpacked libmpc3:amd64 1.0.2-1
2018-04-30 04:29:40 status unpacked libmpc3:amd64 1.0.2-1
2018-04-30 04:29:40 install libpsl0:amd64 <none> 0.5.1-1
2018-04-30 04:29:40 status half-installed libpsl0:amd64 0.5.1-1
2018-04-30 04:29:40 status unpacked libpsl0:amd64 0.5.1-1
2018-04-30 04:29:40 status unpacked libpsl0:amd64 0.5.1-1
2018-04-30 04:29:40 install wget:amd64 <none> 1.16-1+deb8u4
2018-04-30 04:29:40 status half-installed wget:amd64 1.16-1+deb8u4
2018-04-30 04:29:41 status unpacked wget:amd64 1.16-1+deb8u4
2018-04-30 04:29:41 status unpacked wget:amd64 1.16-1+deb8u4
2018-04-30 04:29:41 install bzip2:amd64 <none> 1.0.6-7+b3
2018-04-30 04:29:41 status half-installed bzip2:amd64 1.0.6-7+b3
2018-04-30 04:29:41 status unpacked bzip2:amd64 1.0.6-7+b3
2018-04-30 04:29:41 status unpacked bzip2:amd64 1.0.6-7+b3
2018-04-30 04:29:41 install patch:amd64 <none> 2.7.5-1
2018-04-30 04:29:41 status half-installed patch:amd64 2.7.5-1
2018-04-30 04:29:41 status unpacked patch:amd64 2.7.5-1
2018-04-30 04:29:41 status unpacked patch:amd64 2.7.5-1
2018-04-30 04:29:41 install xz-utils:amd64 <none> 5.1.1alpha+20120614-2+b3
2018-04-30 04:29:41 status half-installed xz-utils:amd64 5.1.1alpha+20120614-2+b3
2018-04-30 04:29:41 status unpacked xz-utils:amd64 5.1.1alpha+20120614-2+b3
2018-04-30 04:29:41 status unpacked xz-utils:amd64 5.1.1alpha+20120614-2+b3
2018-04-30 04:29:41 install binutils:amd64 <none> 2.25-5+deb8u1
2018-04-30 04:29:41 status half-installed binutils:amd64 2.25-5+deb8u1
2018-04-30 04:29:41 status unpacked binutils:amd64 2.25-5+deb8u1
2018-04-30 04:29:41 status unpacked binutils:amd64 2.25-5+deb8u1
2018-04-30 04:29:41 install openssl:amd64 <none> 1.0.1t-1+deb8u8
2018-04-30 04:29:41 status half-installed openssl:amd64 1.0.1t-1+deb8u8
2018-04-30 04:29:41 status unpacked openssl:amd64 1.0.1t-1+deb8u8
2018-04-30 04:29:41 status unpacked openssl:amd64 1.0.1t-1+deb8u8
2018-04-30 04:29:41 install ca-certificates:all <none> 20141019+deb8u3
2018-04-30 04:29:41 status half-installed ca-certificates:all 20141019+deb8u3
2018-04-30 04:29:41 status unpacked ca-certificates:all 20141019+deb8u3
2018-04-30 04:29:41 status unpacked ca-certificates:all 20141019+deb8u3
2018-04-30 04:29:41 install cpp-4.9:amd64 <none> 4.9.2-10+deb8u1
2018-04-30 04:29:41 status half-installed cpp-4.9:amd64 4.9.2-10+deb8u1
2018-04-30 04:29:42 status unpacked cpp-4.9:amd64 4.9.2-10+deb8u1
2018-04-30 04:29:42 status unpacked cpp-4.9:amd64 4.9.2-10+deb8u1
2018-04-30 04:29:42 install cpp:amd64 <none> 4:4.9.2-2
2018-04-30 04:29:42 status half-installed cpp:amd64 4:4.9.2-2
2018-04-30 04:29:42 status unpacked cpp:amd64 4:4.9.2-2
2018-04-30 04:29:42 status unpacked cpp:amd64 4:4.9.2-2
2018-04-30 04:29:42 install libtimedate-perl:all <none> 2.3000-2
2018-04-30 04:29:42 status half-installed libtimedate-perl:all 2.3000-2
2018-04-30 04:29:42 status unpacked libtimedate-perl:all 2.3000-2
2018-04-30 04:29:42 status unpacked libtimedate-perl:all 2.3000-2
2018-04-30 04:29:42 install libdpkg-perl:all <none> 1.17.27
2018-04-30 04:29:42 status half-installed libdpkg-perl:all 1.17.27
2018-04-30 04:29:42 status unpacked libdpkg-perl:all 1.17.27
2018-04-30 04:29:42 status unpacked libdpkg-perl:all 1.17.27
2018-04-30 04:29:42 install make:amd64 <none> 4.0-8.1
2018-04-30 04:29:42 status half-installed make:amd64 4.0-8.1
2018-04-30 04:29:42 status unpacked make:amd64 4.0-8.1
2018-04-30 04:29:42 status unpacked make:amd64 4.0-8.1
2018-04-30 04:29:42 install dpkg-dev:all <none> 1.17.27
2018-04-30 04:29:42 status half-installed dpkg-dev:all 1.17.27
2018-04-30 04:29:42 status unpacked dpkg-dev:all 1.17.27
2018-04-30 04:29:42 status unpacked dpkg-dev:all 1.17.27
2018-04-30 04:29:42 install libgcc-4.9-dev:amd64 <none> 4.9.2-10+deb8u1
2018-04-30 04:29:42 status half-installed libgcc-4.9-dev:amd64 4.9.2-10+deb8u1
2018-04-30 04:29:42 status unpacked libgcc-4.9-dev:amd64 4.9.2-10+deb8u1
2018-04-30 04:29:42 status unpacked libgcc-4.9-dev:amd64 4.9.2-10+deb8u1
2018-04-30 04:29:42 install gcc-4.9:amd64 <none> 4.9.2-10+deb8u1
2018-04-30 04:29:42 status half-installed gcc-4.9:amd64 4.9.2-10+deb8u1
2018-04-30 04:29:42 status unpacked gcc-4.9:amd64 4.9.2-10+deb8u1
2018-04-30 04:29:42 status unpacked gcc-4.9:amd64 4.9.2-10+deb8u1
2018-04-30 04:29:43 install gcc:amd64 <none> 4:4.9.2-2
2018-04-30 04:29:43 status half-installed gcc:amd64 4:4.9.2-2
2018-04-30 04:29:43 status unpacked gcc:amd64 4:4.9.2-2
2018-04-30 04:29:43 status unpacked gcc:amd64 4:4.9.2-2
2018-04-30 04:29:43 install libtinfo-dev:amd64 <none> 5.9+20140913-1+deb8u2
2018-04-30 04:29:43 status half-installed libtinfo-dev:amd64 5.9+20140913-1+deb8u2
2018-04-30 04:29:43 status unpacked libtinfo-dev:amd64 5.9+20140913-1+deb8u2
2018-04-30 04:29:43 status unpacked libtinfo-dev:amd64 5.9+20140913-1+deb8u2
2018-04-30 04:29:43 install libreadline6-dev:amd64 <none> 6.3-8+b3
2018-04-30 04:29:43 status half-installed libreadline6-dev:amd64 6.3-8+b3
2018-04-30 04:29:43 status unpacked libreadline6-dev:amd64 6.3-8+b3
2018-04-30 04:29:43 status unpacked libreadline6-dev:amd64 6.3-8+b3
2018-04-30 04:29:43 install libreadline-dev:amd64 <none> 6.3-8+b3
2018-04-30 04:29:43 status half-installed libreadline-dev:amd64 6.3-8+b3
2018-04-30 04:29:43 status unpacked libreadline-dev:amd64 6.3-8+b3
2018-04-30 04:29:43 status unpacked libreadline-dev:amd64 6.3-8+b3
2018-04-30 04:29:43 install liblua5.2-dev:amd64 <none> 5.2.3-1.1
2018-04-30 04:29:43 status half-installed liblua5.2-dev:amd64 5.2.3-1.1
2018-04-30 04:29:43 status unpacked liblua5.2-dev:amd64 5.2.3-1.1
2018-04-30 04:29:43 status unpacked liblua5.2-dev:amd64 5.2.3-1.1
2018-04-30 04:29:43 install pkg-config:amd64 <none> 0.28-1
2018-04-30 04:29:43 status half-installed pkg-config:amd64 0.28-1
2018-04-30 04:29:43 status unpacked pkg-config:amd64 0.28-1
2018-04-30 04:29:43 status unpacked pkg-config:amd64 0.28-1
2018-04-30 04:29:43 install libnghttp2-dev:amd64 <none> 1.18.1-1
2018-04-30 04:29:43 status half-installed libnghttp2-dev:amd64 1.18.1-1
2018-04-30 04:29:43 status unpacked libnghttp2-dev:amd64 1.18.1-1
2018-04-30 04:29:43 status unpacked libnghttp2-dev:amd64 1.18.1-1
2018-04-30 04:29:43 install libpcre3-dev:amd64 <none> 2:8.35-3.3+deb8u4
2018-04-30 04:29:43 status half-installed libpcre3-dev:amd64 2:8.35-3.3+deb8u4
2018-04-30 04:29:43 status unpacked libpcre3-dev:amd64 2:8.35-3.3+deb8u4
2018-04-30 04:29:43 status unpacked libpcre3-dev:amd64 2:8.35-3.3+deb8u4
2018-04-30 04:29:43 install zlib1g-dev:amd64 <none> 1:1.2.8.dfsg-2+b1
2018-04-30 04:29:43 status half-installed zlib1g-dev:amd64 1:1.2.8.dfsg-2+b1
2018-04-30 04:29:43 status unpacked zlib1g-dev:amd64 1:1.2.8.dfsg-2+b1
2018-04-30 04:29:43 status unpacked zlib1g-dev:amd64 1:1.2.8.dfsg-2+b1
2018-04-30 04:29:43 install libssl-dev:amd64 <none> 1.0.2l-1~bpo8+1
2018-04-30 04:29:43 status half-installed libssl-dev:amd64 1.0.2l-1~bpo8+1
2018-04-30 04:29:43 status unpacked libssl-dev:amd64 1.0.2l-1~bpo8+1
2018-04-30 04:29:43 status unpacked libssl-dev:amd64 1.0.2l-1~bpo8+1
2018-04-30 04:29:43 install libxml2-dev:amd64 <none> 2.9.1+dfsg1-5+deb8u6
2018-04-30 04:29:43 status half-installed libxml2-dev:amd64 2.9.1+dfsg1-5+deb8u6
2018-04-30 04:29:43 status unpacked libxml2-dev:amd64 2.9.1+dfsg1-5+deb8u6
2018-04-30 04:29:43 status unpacked libxml2-dev:amd64 2.9.1+dfsg1-5+deb8u6
2018-04-30 04:29:43 install libpcre++-dev:amd64 <none> 0.9.5-6
2018-04-30 04:29:43 status half-installed libpcre++-dev:amd64 0.9.5-6
2018-04-30 04:29:43 status unpacked libpcre++-dev:amd64 0.9.5-6
2018-04-30 04:29:43 status unpacked libpcre++-dev:amd64 0.9.5-6
2018-04-30 04:29:44 startup packages configure
2018-04-30 04:29:44 configure libgdbm3:amd64 1.8.3-13.1 <none>
2018-04-30 04:29:44 status unpacked libgdbm3:amd64 1.8.3-13.1
2018-04-30 04:29:44 status half-configured libgdbm3:amd64 1.8.3-13.1
2018-04-30 04:29:44 status installed libgdbm3:amd64 1.8.3-13.1
2018-04-30 04:29:44 status triggers-pending libc-bin:amd64 2.19-18+deb8u10
2018-04-30 04:29:44 configure libidn11:amd64 1.29-1+deb8u2 <none>
2018-04-30 04:29:44 status unpacked libidn11:amd64 1.29-1+deb8u2
2018-04-30 04:29:44 status half-configured libidn11:amd64 1.29-1+deb8u2
2018-04-30 04:29:44 status installed libidn11:amd64 1.29-1+deb8u2
2018-04-30 04:29:44 configure perl-modules:all 5.20.2-3+deb8u10 <none>
2018-04-30 04:29:44 status unpacked perl-modules:all 5.20.2-3+deb8u10
2018-04-30 04:29:44 status unpacked perl-modules:all 5.20.2-3+deb8u10
2018-04-30 04:29:44 status unpacked perl-modules:all 5.20.2-3+deb8u10
2018-04-30 04:29:44 status half-configured perl-modules:all 5.20.2-3+deb8u10
2018-04-30 04:29:44 status installed perl-modules:all 5.20.2-3+deb8u10
2018-04-30 04:29:44 configure perl:amd64 5.20.2-3+deb8u10 <none>
2018-04-30 04:29:44 status unpacked perl:amd64 5.20.2-3+deb8u10
2018-04-30 04:29:44 status half-configured perl:amd64 5.20.2-3+deb8u10
2018-04-30 04:29:44 status installed perl:amd64 5.20.2-3+deb8u10
2018-04-30 04:29:44 configure libasan1:amd64 4.9.2-10+deb8u1 <none>
2018-04-30 04:29:44 status unpacked libasan1:amd64 4.9.2-10+deb8u1
2018-04-30 04:29:44 status half-configured libasan1:amd64 4.9.2-10+deb8u1
2018-04-30 04:29:44 status installed libasan1:amd64 4.9.2-10+deb8u1
2018-04-30 04:29:44 configure libatomic1:amd64 4.9.2-10+deb8u1 <none>
2018-04-30 04:29:44 status unpacked libatomic1:amd64 4.9.2-10+deb8u1
2018-04-30 04:29:44 status half-configured libatomic1:amd64 4.9.2-10+deb8u1
2018-04-30 04:29:44 status installed libatomic1:amd64 4.9.2-10+deb8u1
2018-04-30 04:29:44 configure libcilkrts5:amd64 4.9.2-10+deb8u1 <none>
2018-04-30 04:29:44 status unpacked libcilkrts5:amd64 4.9.2-10+deb8u1
2018-04-30 04:29:44 status half-configured libcilkrts5:amd64 4.9.2-10+deb8u1
2018-04-30 04:29:44 status installed libcilkrts5:amd64 4.9.2-10+deb8u1
2018-04-30 04:29:44 configure libisl10:amd64 0.12.2-2 <none>
2018-04-30 04:29:44 status unpacked libisl10:amd64 0.12.2-2
2018-04-30 04:29:44 status half-configured libisl10:amd64 0.12.2-2
2018-04-30 04:29:44 status installed libisl10:amd64 0.12.2-2
2018-04-30 04:29:44 configure libcloog-isl4:amd64 0.18.2-1+b2 <none>
2018-04-30 04:29:44 status unpacked libcloog-isl4:amd64 0.18.2-1+b2
2018-04-30 04:29:44 status half-configured libcloog-isl4:amd64 0.18.2-1+b2
2018-04-30 04:29:44 status installed libcloog-isl4:amd64 0.18.2-1+b2
2018-04-30 04:29:44 configure libglib2.0-0:amd64 2.42.1-1+b1 <none>
2018-04-30 04:29:44 status unpacked libglib2.0-0:amd64 2.42.1-1+b1
2018-04-30 04:29:44 status half-configured libglib2.0-0:amd64 2.42.1-1+b1
2018-04-30 04:29:44 status installed libglib2.0-0:amd64 2.42.1-1+b1
2018-04-30 04:29:44 configure libgomp1:amd64 4.9.2-10+deb8u1 <none>
2018-04-30 04:29:44 status unpacked libgomp1:amd64 4.9.2-10+deb8u1
2018-04-30 04:29:44 status half-configured libgomp1:amd64 4.9.2-10+deb8u1
2018-04-30 04:29:44 status installed libgomp1:amd64 4.9.2-10+deb8u1
2018-04-30 04:29:44 configure libicu52:amd64 52.1-8+deb8u7 <none>
2018-04-30 04:29:44 status unpacked libicu52:amd64 52.1-8+deb8u7
2018-04-30 04:29:44 status half-configured libicu52:amd64 52.1-8+deb8u7
2018-04-30 04:29:44 status installed libicu52:amd64 52.1-8+deb8u7
2018-04-30 04:29:44 configure libitm1:amd64 4.9.2-10+deb8u1 <none>
2018-04-30 04:29:44 status unpacked libitm1:amd64 4.9.2-10+deb8u1
2018-04-30 04:29:44 status half-configured libitm1:amd64 4.9.2-10+deb8u1
2018-04-30 04:29:44 status installed libitm1:amd64 4.9.2-10+deb8u1
2018-04-30 04:29:44 configure liblsan0:amd64 4.9.2-10+deb8u1 <none>
2018-04-30 04:29:44 status unpacked liblsan0:amd64 4.9.2-10+deb8u1
2018-04-30 04:29:44 status half-configured liblsan0:amd64 4.9.2-10+deb8u1
2018-04-30 04:29:44 status installed liblsan0:amd64 4.9.2-10+deb8u1
2018-04-30 04:29:44 configure libmpfr4:amd64 3.1.2-2 <none>
2018-04-30 04:29:44 status unpacked libmpfr4:amd64 3.1.2-2
2018-04-30 04:29:44 status half-configured libmpfr4:amd64 3.1.2-2
2018-04-30 04:29:44 status installed libmpfr4:amd64 3.1.2-2
2018-04-30 04:29:44 configure libpcrecpp0:amd64 2:8.35-3.3+deb8u4 <none>
2018-04-30 04:29:44 status unpacked libpcrecpp0:amd64 2:8.35-3.3+deb8u4
2018-04-30 04:29:44 status half-configured libpcrecpp0:amd64 2:8.35-3.3+deb8u4
2018-04-30 04:29:44 status installed libpcrecpp0:amd64 2:8.35-3.3+deb8u4
2018-04-30 04:29:44 configure libquadmath0:amd64 4.9.2-10+deb8u1 <none>
2018-04-30 04:29:44 status unpacked libquadmath0:amd64 4.9.2-10+deb8u1
2018-04-30 04:29:44 status half-configured libquadmath0:amd64 4.9.2-10+deb8u1
2018-04-30 04:29:44 status installed libquadmath0:amd64 4.9.2-10+deb8u1
2018-04-30 04:29:44 configure libtsan0:amd64 4.9.2-10+deb8u1 <none>
2018-04-30 04:29:44 status unpacked libtsan0:amd64 4.9.2-10+deb8u1
2018-04-30 04:29:44 status half-configured libtsan0:amd64 4.9.2-10+deb8u1
2018-04-30 04:29:44 status installed libtsan0:amd64 4.9.2-10+deb8u1
2018-04-30 04:29:44 configure libubsan0:amd64 4.9.2-10+deb8u1 <none>
2018-04-30 04:29:44 status unpacked libubsan0:amd64 4.9.2-10+deb8u1
2018-04-30 04:29:44 status half-configured libubsan0:amd64 4.9.2-10+deb8u1
2018-04-30 04:29:44 status installed libubsan0:amd64 4.9.2-10+deb8u1
2018-04-30 04:29:44 configure libmpc3:amd64 1.0.2-1 <none>
2018-04-30 04:29:44 status unpacked libmpc3:amd64 1.0.2-1
2018-04-30 04:29:44 status half-configured libmpc3:amd64 1.0.2-1
2018-04-30 04:29:44 status installed libmpc3:amd64 1.0.2-1
2018-04-30 04:29:44 configure libpsl0:amd64 0.5.1-1 <none>
2018-04-30 04:29:44 status unpacked libpsl0:amd64 0.5.1-1
2018-04-30 04:29:44 status half-configured libpsl0:amd64 0.5.1-1
2018-04-30 04:29:44 status installed libpsl0:amd64 0.5.1-1
2018-04-30 04:29:44 configure wget:amd64 1.16-1+deb8u4 <none>
2018-04-30 04:29:44 status unpacked wget:amd64 1.16-1+deb8u4
2018-04-30 04:29:44 status unpacked wget:amd64 1.16-1+deb8u4
2018-04-30 04:29:44 status half-configured wget:amd64 1.16-1+deb8u4
2018-04-30 04:29:44 status installed wget:amd64 1.16-1+deb8u4
2018-04-30 04:29:44 configure bzip2:amd64 1.0.6-7+b3 <none>
2018-04-30 04:29:44 status unpacked bzip2:amd64 1.0.6-7+b3
2018-04-30 04:29:44 status half-configured bzip2:amd64 1.0.6-7+b3
2018-04-30 04:29:44 status installed bzip2:amd64 1.0.6-7+b3
2018-04-30 04:29:44 configure patch:amd64 2.7.5-1 <none>
2018-04-30 04:29:44 status unpacked patch:amd64 2.7.5-1
2018-04-30 04:29:44 status half-configured patch:amd64 2.7.5-1
2018-04-30 04:29:44 status installed patch:amd64 2.7.5-1
2018-04-30 04:29:44 configure xz-utils:amd64 5.1.1alpha+20120614-2+b3 <none>
2018-04-30 04:29:44 status unpacked xz-utils:amd64 5.1.1alpha+20120614-2+b3
2018-04-30 04:29:44 status half-configured xz-utils:amd64 5.1.1alpha+20120614-2+b3
2018-04-30 04:29:44 status installed xz-utils:amd64 5.1.1alpha+20120614-2+b3
2018-04-30 04:29:44 configure binutils:amd64 2.25-5+deb8u1 <none>
2018-04-30 04:29:44 status unpacked binutils:amd64 2.25-5+deb8u1
2018-04-30 04:29:44 status half-configured binutils:amd64 2.25-5+deb8u1
2018-04-30 04:29:44 status installed binutils:amd64 2.25-5+deb8u1
2018-04-30 04:29:44 configure openssl:amd64 1.0.1t-1+deb8u8 <none>
2018-04-30 04:29:44 status unpacked openssl:amd64 1.0.1t-1+deb8u8
2018-04-30 04:29:44 status unpacked openssl:amd64 1.0.1t-1+deb8u8
2018-04-30 04:29:44 status half-configured openssl:amd64 1.0.1t-1+deb8u8
2018-04-30 04:29:44 status installed openssl:amd64 1.0.1t-1+deb8u8
2018-04-30 04:29:44 configure ca-certificates:all 20141019+deb8u3 <none>
2018-04-30 04:29:44 status unpacked ca-certificates:all 20141019+deb8u3
2018-04-30 04:29:44 status half-configured ca-certificates:all 20141019+deb8u3
2018-04-30 04:29:46 status installed ca-certificates:all 20141019+deb8u3
2018-04-30 04:29:46 status triggers-pending ca-certificates:all 20141019+deb8u3
2018-04-30 04:29:46 configure cpp-4.9:amd64 4.9.2-10+deb8u1 <none>
2018-04-30 04:29:46 status unpacked cpp-4.9:amd64 4.9.2-10+deb8u1
2018-04-30 04:29:46 status half-configured cpp-4.9:amd64 4.9.2-10+deb8u1
2018-04-30 04:29:46 status installed cpp-4.9:amd64 4.9.2-10+deb8u1
2018-04-30 04:29:46 configure cpp:amd64 4:4.9.2-2 <none>
2018-04-30 04:29:46 status unpacked cpp:amd64 4:4.9.2-2
2018-04-30 04:29:46 status half-configured cpp:amd64 4:4.9.2-2
2018-04-30 04:29:46 status installed cpp:amd64 4:4.9.2-2
2018-04-30 04:29:46 configure libtimedate-perl:all 2.3000-2 <none>
2018-04-30 04:29:46 status unpacked libtimedate-perl:all 2.3000-2
2018-04-30 04:29:46 status half-configured libtimedate-perl:all 2.3000-2
2018-04-30 04:29:46 status installed libtimedate-perl:all 2.3000-2
2018-04-30 04:29:46 configure libdpkg-perl:all 1.17.27 <none>
2018-04-30 04:29:46 status unpacked libdpkg-perl:all 1.17.27
2018-04-30 04:29:46 status half-configured libdpkg-perl:all 1.17.27
2018-04-30 04:29:46 status installed libdpkg-perl:all 1.17.27
2018-04-30 04:29:46 configure make:amd64 4.0-8.1 <none>
2018-04-30 04:29:46 status unpacked make:amd64 4.0-8.1
2018-04-30 04:29:46 status half-configured make:amd64 4.0-8.1
2018-04-30 04:29:46 status installed make:amd64 4.0-8.1
2018-04-30 04:29:46 configure dpkg-dev:all 1.17.27 <none>
2018-04-30 04:29:46 status unpacked dpkg-dev:all 1.17.27
2018-04-30 04:29:46 status unpacked dpkg-dev:all 1.17.27
2018-04-30 04:29:46 status unpacked dpkg-dev:all 1.17.27
2018-04-30 04:29:46 status half-configured dpkg-dev:all 1.17.27
2018-04-30 04:29:46 status installed dpkg-dev:all 1.17.27
2018-04-30 04:29:46 configure libgcc-4.9-dev:amd64 4.9.2-10+deb8u1 <none>
2018-04-30 04:29:46 status unpacked libgcc-4.9-dev:amd64 4.9.2-10+deb8u1
2018-04-30 04:29:46 status half-configured libgcc-4.9-dev:amd64 4.9.2-10+deb8u1
2018-04-30 04:29:46 status installed libgcc-4.9-dev:amd64 4.9.2-10+deb8u1
2018-04-30 04:29:46 configure gcc-4.9:amd64 4.9.2-10+deb8u1 <none>
2018-04-30 04:29:46 status unpacked gcc-4.9:amd64 4.9.2-10+deb8u1
2018-04-30 04:29:46 status half-configured gcc-4.9:amd64 4.9.2-10+deb8u1
2018-04-30 04:29:46 status installed gcc-4.9:amd64 4.9.2-10+deb8u1
2018-04-30 04:29:46 configure gcc:amd64 4:4.9.2-2 <none>
2018-04-30 04:29:46 status unpacked gcc:amd64 4:4.9.2-2
2018-04-30 04:29:46 status half-configured gcc:amd64 4:4.9.2-2
2018-04-30 04:29:46 status installed gcc:amd64 4:4.9.2-2
2018-04-30 04:29:46 configure libtinfo-dev:amd64 5.9+20140913-1+deb8u2 <none>
2018-04-30 04:29:46 status unpacked libtinfo-dev:amd64 5.9+20140913-1+deb8u2
2018-04-30 04:29:46 status half-configured libtinfo-dev:amd64 5.9+20140913-1+deb8u2
2018-04-30 04:29:46 status installed libtinfo-dev:amd64 5.9+20140913-1+deb8u2
2018-04-30 04:29:46 configure libreadline6-dev:amd64 6.3-8+b3 <none>
2018-04-30 04:29:46 status unpacked libreadline6-dev:amd64 6.3-8+b3
2018-04-30 04:29:46 status half-configured libreadline6-dev:amd64 6.3-8+b3
2018-04-30 04:29:46 status installed libreadline6-dev:amd64 6.3-8+b3
2018-04-30 04:29:46 configure libreadline-dev:amd64 6.3-8+b3 <none>
2018-04-30 04:29:46 status unpacked libreadline-dev:amd64 6.3-8+b3
2018-04-30 04:29:46 status half-configured libreadline-dev:amd64 6.3-8+b3
2018-04-30 04:29:46 status installed libreadline-dev:amd64 6.3-8+b3
2018-04-30 04:29:46 configure liblua5.2-dev:amd64 5.2.3-1.1 <none>
2018-04-30 04:29:46 status unpacked liblua5.2-dev:amd64 5.2.3-1.1
2018-04-30 04:29:46 status half-configured liblua5.2-dev:amd64 5.2.3-1.1
2018-04-30 04:29:46 status installed liblua5.2-dev:amd64 5.2.3-1.1
2018-04-30 04:29:46 configure pkg-config:amd64 0.28-1 <none>
2018-04-30 04:29:46 status unpacked pkg-config:amd64 0.28-1
2018-04-30 04:29:46 status half-configured pkg-config:amd64 0.28-1
2018-04-30 04:29:46 status installed pkg-config:amd64 0.28-1
2018-04-30 04:29:46 configure libnghttp2-dev:amd64 1.18.1-1 <none>
2018-04-30 04:29:46 status unpacked libnghttp2-dev:amd64 1.18.1-1
2018-04-30 04:29:46 status half-configured libnghttp2-dev:amd64 1.18.1-1
2018-04-30 04:29:46 status installed libnghttp2-dev:amd64 1.18.1-1
2018-04-30 04:29:46 configure libpcre3-dev:amd64 2:8.35-3.3+deb8u4 <none>
2018-04-30 04:29:46 status unpacked libpcre3-dev:amd64 2:8.35-3.3+deb8u4
2018-04-30 04:29:46 status half-configured libpcre3-dev:amd64 2:8.35-3.3+deb8u4
2018-04-30 04:29:46 status installed libpcre3-dev:amd64 2:8.35-3.3+deb8u4
2018-04-30 04:29:46 configure zlib1g-dev:amd64 1:1.2.8.dfsg-2+b1 <none>
2018-04-30 04:29:46 status unpacked zlib1g-dev:amd64 1:1.2.8.dfsg-2+b1
2018-04-30 04:29:46 status half-configured zlib1g-dev:amd64 1:1.2.8.dfsg-2+b1
2018-04-30 04:29:46 status installed zlib1g-dev:amd64 1:1.2.8.dfsg-2+b1
2018-04-30 04:29:46 configure libssl-dev:amd64 1.0.2l-1~bpo8+1 <none>
2018-04-30 04:29:46 status unpacked libssl-dev:amd64 1.0.2l-1~bpo8+1
2018-04-30 04:29:46 status half-configured libssl-dev:amd64 1.0.2l-1~bpo8+1
2018-04-30 04:29:46 status installed libssl-dev:amd64 1.0.2l-1~bpo8+1
2018-04-30 04:29:46 configure libxml2-dev:amd64 2.9.1+dfsg1-5+deb8u6 <none>
2018-04-30 04:29:46 status unpacked libxml2-dev:amd64 2.9.1+dfsg1-5+deb8u6
2018-04-30 04:29:46 status half-configured libxml2-dev:amd64 2.9.1+dfsg1-5+deb8u6
2018-04-30 04:29:46 status installed libxml2-dev:amd64 2.9.1+dfsg1-5+deb8u6
2018-04-30 04:29:46 configure libpcre++-dev:amd64 0.9.5-6 <none>
2018-04-30 04:29:46 status unpacked libpcre++-dev:amd64 0.9.5-6
2018-04-30 04:29:46 status half-configured libpcre++-dev:amd64 0.9.5-6
2018-04-30 04:29:46 status installed libpcre++-dev:amd64 0.9.5-6
2018-04-30 04:29:46 trigproc libc-bin:amd64 2.19-18+deb8u10 <none>
2018-04-30 04:29:46 status half-configured libc-bin:amd64 2.19-18+deb8u10
2018-04-30 04:29:46 status installed libc-bin:amd64 2.19-18+deb8u10
2018-04-30 04:29:46 trigproc ca-certificates:all 20141019+deb8u3 <none>
2018-04-30 04:29:46 status half-configured ca-certificates:all 20141019+deb8u3
2018-04-30 04:29:47 status installed ca-certificates:all 20141019+deb8u3
2018-04-30 04:29:47 startup packages configure
2018-04-30 04:30:40 startup packages purge
2018-04-30 04:30:40 status installed dpkg-dev:all 1.17.27
2018-04-30 04:30:40 remove dpkg-dev:all 1.17.27 <none>
2018-04-30 04:30:40 status half-configured dpkg-dev:all 1.17.27
2018-04-30 04:30:40 status half-installed dpkg-dev:all 1.17.27
2018-04-30 04:30:40 status config-files dpkg-dev:all 1.17.27
2018-04-30 04:30:40 purge dpkg-dev:all 1.17.27 <none>
2018-04-30 04:30:40 status config-files dpkg-dev:all 1.17.27
2018-04-30 04:30:40 status config-files dpkg-dev:all 1.17.27
2018-04-30 04:30:40 status config-files dpkg-dev:all 1.17.27
2018-04-30 04:30:40 status config-files dpkg-dev:all 1.17.27
2018-04-30 04:30:40 status config-files dpkg-dev:all 1.17.27
2018-04-30 04:30:40 status not-installed dpkg-dev:all <none>
2018-04-30 04:30:40 status installed gcc:amd64 4:4.9.2-2
2018-04-30 04:30:40 remove gcc:amd64 4:4.9.2-2 <none>
2018-04-30 04:30:40 status half-configured gcc:amd64 4:4.9.2-2
2018-04-30 04:30:40 status half-installed gcc:amd64 4:4.9.2-2
2018-04-30 04:30:40 status config-files gcc:amd64 4:4.9.2-2
2018-04-30 04:30:40 status config-files gcc:amd64 4:4.9.2-2
2018-04-30 04:30:40 status config-files gcc:amd64 4:4.9.2-2
2018-04-30 04:30:40 status not-installed gcc:amd64 <none>
2018-04-30 04:30:40 status installed gcc-4.9:amd64 4.9.2-10+deb8u1
2018-04-30 04:30:40 remove gcc-4.9:amd64 4.9.2-10+deb8u1 <none>
2018-04-30 04:30:40 status half-configured gcc-4.9:amd64 4.9.2-10+deb8u1
2018-04-30 04:30:40 status half-installed gcc-4.9:amd64 4.9.2-10+deb8u1
2018-04-30 04:30:40 status config-files gcc-4.9:amd64 4.9.2-10+deb8u1
2018-04-30 04:30:40 status config-files gcc-4.9:amd64 4.9.2-10+deb8u1
2018-04-30 04:30:40 status config-files gcc-4.9:amd64 4.9.2-10+deb8u1
2018-04-30 04:30:40 status not-installed gcc-4.9:amd64 <none>
2018-04-30 04:30:40 status installed binutils:amd64 2.25-5+deb8u1
2018-04-30 04:30:40 remove binutils:amd64 2.25-5+deb8u1 <none>
2018-04-30 04:30:40 status half-configured binutils:amd64 2.25-5+deb8u1
2018-04-30 04:30:40 status half-installed binutils:amd64 2.25-5+deb8u1
2018-04-30 04:30:40 status triggers-pending libc-bin:amd64 2.19-18+deb8u10
2018-04-30 04:30:40 status config-files binutils:amd64 2.25-5+deb8u1
2018-04-30 04:30:40 purge binutils:amd64 2.25-5+deb8u1 <none>
2018-04-30 04:30:40 status config-files binutils:amd64 2.25-5+deb8u1
2018-04-30 04:30:40 status config-files binutils:amd64 2.25-5+deb8u1
2018-04-30 04:30:40 status config-files binutils:amd64 2.25-5+deb8u1
2018-04-30 04:30:40 status config-files binutils:amd64 2.25-5+deb8u1
2018-04-30 04:30:40 status config-files binutils:amd64 2.25-5+deb8u1
2018-04-30 04:30:40 status not-installed binutils:amd64 <none>
2018-04-30 04:30:40 status installed bzip2:amd64 1.0.6-7+b3
2018-04-30 04:30:40 remove bzip2:amd64 1.0.6-7+b3 <none>
2018-04-30 04:30:40 status half-configured bzip2:amd64 1.0.6-7+b3
2018-04-30 04:30:40 status half-installed bzip2:amd64 1.0.6-7+b3
2018-04-30 04:30:40 status config-files bzip2:amd64 1.0.6-7+b3
2018-04-30 04:30:40 status config-files bzip2:amd64 1.0.6-7+b3
2018-04-30 04:30:40 status config-files bzip2:amd64 1.0.6-7+b3
2018-04-30 04:30:40 status not-installed bzip2:amd64 <none>
2018-04-30 04:30:40 status installed ca-certificates:all 20141019+deb8u3
2018-04-30 04:30:40 remove ca-certificates:all 20141019+deb8u3 <none>
2018-04-30 04:30:40 status half-configured ca-certificates:all 20141019+deb8u3
2018-04-30 04:30:40 status half-installed ca-certificates:all 20141019+deb8u3
2018-04-30 04:30:40 status config-files ca-certificates:all 20141019+deb8u3
2018-04-30 04:30:40 purge ca-certificates:all 20141019+deb8u3 <none>
2018-04-30 04:30:40 status config-files ca-certificates:all 20141019+deb8u3
2018-04-30 04:30:40 status config-files ca-certificates:all 20141019+deb8u3
2018-04-30 04:30:40 status config-files ca-certificates:all 20141019+deb8u3
2018-04-30 04:30:40 status config-files ca-certificates:all 20141019+deb8u3
2018-04-30 04:30:40 status config-files ca-certificates:all 20141019+deb8u3
2018-04-30 04:30:40 status not-installed ca-certificates:all <none>
2018-04-30 04:30:40 status installed cpp:amd64 4:4.9.2-2
2018-04-30 04:30:40 remove cpp:amd64 4:4.9.2-2 <none>
2018-04-30 04:30:40 status half-configured cpp:amd64 4:4.9.2-2
2018-04-30 04:30:41 status half-installed cpp:amd64 4:4.9.2-2
2018-04-30 04:30:41 status config-files cpp:amd64 4:4.9.2-2
2018-04-30 04:30:41 status config-files cpp:amd64 4:4.9.2-2
2018-04-30 04:30:41 status config-files cpp:amd64 4:4.9.2-2
2018-04-30 04:30:41 status not-installed cpp:amd64 <none>
2018-04-30 04:30:41 status installed cpp-4.9:amd64 4.9.2-10+deb8u1
2018-04-30 04:30:41 remove cpp-4.9:amd64 4.9.2-10+deb8u1 <none>
2018-04-30 04:30:41 status half-configured cpp-4.9:amd64 4.9.2-10+deb8u1
2018-04-30 04:30:41 status half-installed cpp-4.9:amd64 4.9.2-10+deb8u1
2018-04-30 04:30:41 status config-files cpp-4.9:amd64 4.9.2-10+deb8u1
2018-04-30 04:30:41 status config-files cpp-4.9:amd64 4.9.2-10+deb8u1
2018-04-30 04:30:41 status config-files cpp-4.9:amd64 4.9.2-10+deb8u1
2018-04-30 04:30:41 status not-installed cpp-4.9:amd64 <none>
2018-04-30 04:30:41 status installed libgcc-4.9-dev:amd64 4.9.2-10+deb8u1
2018-04-30 04:30:41 remove libgcc-4.9-dev:amd64 4.9.2-10+deb8u1 <none>
2018-04-30 04:30:41 status half-configured libgcc-4.9-dev:amd64 4.9.2-10+deb8u1
2018-04-30 04:30:41 status half-installed libgcc-4.9-dev:amd64 4.9.2-10+deb8u1
2018-04-30 04:30:41 status config-files libgcc-4.9-dev:amd64 4.9.2-10+deb8u1
2018-04-30 04:30:41 status config-files libgcc-4.9-dev:amd64 4.9.2-10+deb8u1
2018-04-30 04:30:41 status config-files libgcc-4.9-dev:amd64 4.9.2-10+deb8u1
2018-04-30 04:30:41 status not-installed libgcc-4.9-dev:amd64 <none>
2018-04-30 04:30:41 status installed libasan1:amd64 4.9.2-10+deb8u1
2018-04-30 04:30:41 remove libasan1:amd64 4.9.2-10+deb8u1 <none>
2018-04-30 04:30:41 status half-configured libasan1:amd64 4.9.2-10+deb8u1
2018-04-30 04:30:41 status half-installed libasan1:amd64 4.9.2-10+deb8u1
2018-04-30 04:30:41 status config-files libasan1:amd64 4.9.2-10+deb8u1
2018-04-30 04:30:41 purge libasan1:amd64 4.9.2-10+deb8u1 <none>
2018-04-30 04:30:41 status config-files libasan1:amd64 4.9.2-10+deb8u1
2018-04-30 04:30:41 status config-files libasan1:amd64 4.9.2-10+deb8u1
2018-04-30 04:30:41 status config-files libasan1:amd64 4.9.2-10+deb8u1
2018-04-30 04:30:41 status config-files libasan1:amd64 4.9.2-10+deb8u1
2018-04-30 04:30:41 status config-files libasan1:amd64 4.9.2-10+deb8u1
2018-04-30 04:30:41 status not-installed libasan1:amd64 <none>
2018-04-30 04:30:41 status installed libatomic1:amd64 4.9.2-10+deb8u1
2018-04-30 04:30:41 remove libatomic1:amd64 4.9.2-10+deb8u1 <none>
2018-04-30 04:30:41 status half-configured libatomic1:amd64 4.9.2-10+deb8u1
2018-04-30 04:30:41 status half-installed libatomic1:amd64 4.9.2-10+deb8u1
2018-04-30 04:30:41 status config-files libatomic1:amd64 4.9.2-10+deb8u1
2018-04-30 04:30:41 purge libatomic1:amd64 4.9.2-10+deb8u1 <none>
2018-04-30 04:30:41 status config-files libatomic1:amd64 4.9.2-10+deb8u1
2018-04-30 04:30:41 status config-files libatomic1:amd64 4.9.2-10+deb8u1
2018-04-30 04:30:41 status config-files libatomic1:amd64 4.9.2-10+deb8u1
2018-04-30 04:30:41 status config-files libatomic1:amd64 4.9.2-10+deb8u1
2018-04-30 04:30:41 status config-files libatomic1:amd64 4.9.2-10+deb8u1
2018-04-30 04:30:41 status not-installed libatomic1:amd64 <none>
2018-04-30 04:30:41 status installed libcilkrts5:amd64 4.9.2-10+deb8u1
2018-04-30 04:30:41 remove libcilkrts5:amd64 4.9.2-10+deb8u1 <none>
2018-04-30 04:30:41 status half-configured libcilkrts5:amd64 4.9.2-10+deb8u1
2018-04-30 04:30:41 status half-installed libcilkrts5:amd64 4.9.2-10+deb8u1
2018-04-30 04:30:41 status config-files libcilkrts5:amd64 4.9.2-10+deb8u1
2018-04-30 04:30:41 purge libcilkrts5:amd64 4.9.2-10+deb8u1 <none>
2018-04-30 04:30:41 status config-files libcilkrts5:amd64 4.9.2-10+deb8u1
2018-04-30 04:30:41 status config-files libcilkrts5:amd64 4.9.2-10+deb8u1
2018-04-30 04:30:41 status config-files libcilkrts5:amd64 4.9.2-10+deb8u1
2018-04-30 04:30:41 status config-files libcilkrts5:amd64 4.9.2-10+deb8u1
2018-04-30 04:30:41 status config-files libcilkrts5:amd64 4.9.2-10+deb8u1
2018-04-30 04:30:41 status not-installed libcilkrts5:amd64 <none>
2018-04-30 04:30:41 status installed libcloog-isl4:amd64 0.18.2-1+b2
2018-04-30 04:30:41 remove libcloog-isl4:amd64 0.18.2-1+b2 <none>
2018-04-30 04:30:41 status half-configured libcloog-isl4:amd64 0.18.2-1+b2
2018-04-30 04:30:41 status half-installed libcloog-isl4:amd64 0.18.2-1+b2
2018-04-30 04:30:41 status config-files libcloog-isl4:amd64 0.18.2-1+b2
2018-04-30 04:30:41 purge libcloog-isl4:amd64 0.18.2-1+b2 <none>
2018-04-30 04:30:41 status config-files libcloog-isl4:amd64 0.18.2-1+b2
2018-04-30 04:30:41 status config-files libcloog-isl4:amd64 0.18.2-1+b2
2018-04-30 04:30:41 status config-files libcloog-isl4:amd64 0.18.2-1+b2
2018-04-30 04:30:41 status config-files libcloog-isl4:amd64 0.18.2-1+b2
2018-04-30 04:30:41 status config-files libcloog-isl4:amd64 0.18.2-1+b2
2018-04-30 04:30:41 status not-installed libcloog-isl4:amd64 <none>
2018-04-30 04:30:41 status installed libdpkg-perl:all 1.17.27
2018-04-30 04:30:41 remove libdpkg-perl:all 1.17.27 <none>
2018-04-30 04:30:41 status half-configured libdpkg-perl:all 1.17.27
2018-04-30 04:30:41 status half-installed libdpkg-perl:all 1.17.27
2018-04-30 04:30:41 status config-files libdpkg-perl:all 1.17.27
2018-04-30 04:30:41 status config-files libdpkg-perl:all 1.17.27
2018-04-30 04:30:41 status config-files libdpkg-perl:all 1.17.27
2018-04-30 04:30:41 status not-installed libdpkg-perl:all <none>
2018-04-30 04:30:41 status installed libtimedate-perl:all 2.3000-2
2018-04-30 04:30:41 remove libtimedate-perl:all 2.3000-2 <none>
2018-04-30 04:30:41 status half-configured libtimedate-perl:all 2.3000-2
2018-04-30 04:30:41 status half-installed libtimedate-perl:all 2.3000-2
2018-04-30 04:30:41 status config-files libtimedate-perl:all 2.3000-2
2018-04-30 04:30:41 status config-files libtimedate-perl:all 2.3000-2
2018-04-30 04:30:41 status config-files libtimedate-perl:all 2.3000-2
2018-04-30 04:30:41 status not-installed libtimedate-perl:all <none>
2018-04-30 04:30:41 status installed perl:amd64 5.20.2-3+deb8u10
2018-04-30 04:30:41 remove perl:amd64 5.20.2-3+deb8u10 <none>
2018-04-30 04:30:41 status half-configured perl:amd64 5.20.2-3+deb8u10
2018-04-30 04:30:41 status half-installed perl:amd64 5.20.2-3+deb8u10
2018-04-30 04:30:41 status config-files perl:amd64 5.20.2-3+deb8u10
2018-04-30 04:30:41 status config-files perl:amd64 5.20.2-3+deb8u10
2018-04-30 04:30:41 status config-files perl:amd64 5.20.2-3+deb8u10
2018-04-30 04:30:41 status not-installed perl:amd64 <none>
2018-04-30 04:30:41 status installed libgdbm3:amd64 1.8.3-13.1
2018-04-30 04:30:41 remove libgdbm3:amd64 1.8.3-13.1 <none>
2018-04-30 04:30:41 status half-configured libgdbm3:amd64 1.8.3-13.1
2018-04-30 04:30:41 status half-installed libgdbm3:amd64 1.8.3-13.1
2018-04-30 04:30:41 status config-files libgdbm3:amd64 1.8.3-13.1
2018-04-30 04:30:41 purge libgdbm3:amd64 1.8.3-13.1 <none>
2018-04-30 04:30:41 status config-files libgdbm3:amd64 1.8.3-13.1
2018-04-30 04:30:41 status config-files libgdbm3:amd64 1.8.3-13.1
2018-04-30 04:30:41 status config-files libgdbm3:amd64 1.8.3-13.1
2018-04-30 04:30:41 status config-files libgdbm3:amd64 1.8.3-13.1
2018-04-30 04:30:41 status config-files libgdbm3:amd64 1.8.3-13.1
2018-04-30 04:30:41 status not-installed libgdbm3:amd64 <none>
2018-04-30 04:30:41 status installed libnghttp2-dev:amd64 1.18.1-1
2018-04-30 04:30:41 remove libnghttp2-dev:amd64 1.18.1-1 <none>
2018-04-30 04:30:41 status half-configured libnghttp2-dev:amd64 1.18.1-1
2018-04-30 04:30:41 status half-installed libnghttp2-dev:amd64 1.18.1-1
2018-04-30 04:30:41 status config-files libnghttp2-dev:amd64 1.18.1-1
2018-04-30 04:30:41 status config-files libnghttp2-dev:amd64 1.18.1-1
2018-04-30 04:30:41 status config-files libnghttp2-dev:amd64 1.18.1-1
2018-04-30 04:30:41 status not-installed libnghttp2-dev:amd64 <none>
2018-04-30 04:30:41 status installed pkg-config:amd64 0.28-1
2018-04-30 04:30:41 remove pkg-config:amd64 0.28-1 <none>
2018-04-30 04:30:41 status half-configured pkg-config:amd64 0.28-1
2018-04-30 04:30:41 status half-installed pkg-config:amd64 0.28-1
2018-04-30 04:30:41 status config-files pkg-config:amd64 0.28-1
2018-04-30 04:30:41 status config-files pkg-config:amd64 0.28-1
2018-04-30 04:30:41 status config-files pkg-config:amd64 0.28-1
2018-04-30 04:30:41 status not-installed pkg-config:amd64 <none>
2018-04-30 04:30:41 status installed libglib2.0-0:amd64 2.42.1-1+b1
2018-04-30 04:30:41 remove libglib2.0-0:amd64 2.42.1-1+b1 <none>
2018-04-30 04:30:41 status half-configured libglib2.0-0:amd64 2.42.1-1+b1
2018-04-30 04:30:41 status half-installed libglib2.0-0:amd64 2.42.1-1+b1
2018-04-30 04:30:41 status config-files libglib2.0-0:amd64 2.42.1-1+b1
2018-04-30 04:30:41 purge libglib2.0-0:amd64 2.42.1-1+b1 <none>
2018-04-30 04:30:41 status config-files libglib2.0-0:amd64 2.42.1-1+b1
2018-04-30 04:30:41 status config-files libglib2.0-0:amd64 2.42.1-1+b1
2018-04-30 04:30:41 status config-files libglib2.0-0:amd64 2.42.1-1+b1
2018-04-30 04:30:41 status config-files libglib2.0-0:amd64 2.42.1-1+b1
2018-04-30 04:30:41 status config-files libglib2.0-0:amd64 2.42.1-1+b1
2018-04-30 04:30:41 status not-installed libglib2.0-0:amd64 <none>
2018-04-30 04:30:41 status installed libgomp1:amd64 4.9.2-10+deb8u1
2018-04-30 04:30:41 remove libgomp1:amd64 4.9.2-10+deb8u1 <none>
2018-04-30 04:30:41 status half-configured libgomp1:amd64 4.9.2-10+deb8u1
2018-04-30 04:30:41 status half-installed libgomp1:amd64 4.9.2-10+deb8u1
2018-04-30 04:30:41 status config-files libgomp1:amd64 4.9.2-10+deb8u1
2018-04-30 04:30:41 purge libgomp1:amd64 4.9.2-10+deb8u1 <none>
2018-04-30 04:30:41 status config-files libgomp1:amd64 4.9.2-10+deb8u1
2018-04-30 04:30:41 status config-files libgomp1:amd64 4.9.2-10+deb8u1
2018-04-30 04:30:41 status config-files libgomp1:amd64 4.9.2-10+deb8u1
2018-04-30 04:30:41 status config-files libgomp1:amd64 4.9.2-10+deb8u1
2018-04-30 04:30:41 status config-files libgomp1:amd64 4.9.2-10+deb8u1
2018-04-30 04:30:41 status not-installed libgomp1:amd64 <none>
2018-04-30 04:30:41 status installed wget:amd64 1.16-1+deb8u4
2018-04-30 04:30:41 remove wget:amd64 1.16-1+deb8u4 <none>
2018-04-30 04:30:41 status half-configured wget:amd64 1.16-1+deb8u4
2018-04-30 04:30:41 status half-installed wget:amd64 1.16-1+deb8u4
2018-04-30 04:30:41 status config-files wget:amd64 1.16-1+deb8u4
2018-04-30 04:30:41 purge wget:amd64 1.16-1+deb8u4 <none>
2018-04-30 04:30:41 status config-files wget:amd64 1.16-1+deb8u4
2018-04-30 04:30:41 status config-files wget:amd64 1.16-1+deb8u4
2018-04-30 04:30:41 status config-files wget:amd64 1.16-1+deb8u4
2018-04-30 04:30:41 status config-files wget:amd64 1.16-1+deb8u4
2018-04-30 04:30:41 status config-files wget:amd64 1.16-1+deb8u4
2018-04-30 04:30:41 status not-installed wget:amd64 <none>
2018-04-30 04:30:41 status installed libpsl0:amd64 0.5.1-1
2018-04-30 04:30:41 remove libpsl0:amd64 0.5.1-1 <none>
2018-04-30 04:30:41 status half-configured libpsl0:amd64 0.5.1-1
2018-04-30 04:30:41 status half-installed libpsl0:amd64 0.5.1-1
2018-04-30 04:30:41 status config-files libpsl0:amd64 0.5.1-1
2018-04-30 04:30:41 purge libpsl0:amd64 0.5.1-1 <none>
2018-04-30 04:30:41 status config-files libpsl0:amd64 0.5.1-1
2018-04-30 04:30:41 status config-files libpsl0:amd64 0.5.1-1
2018-04-30 04:30:41 status config-files libpsl0:amd64 0.5.1-1
2018-04-30 04:30:41 status config-files libpsl0:amd64 0.5.1-1
2018-04-30 04:30:41 status config-files libpsl0:amd64 0.5.1-1
2018-04-30 04:30:41 status not-installed libpsl0:amd64 <none>
2018-04-30 04:30:41 status installed libicu52:amd64 52.1-8+deb8u7
2018-04-30 04:30:41 remove libicu52:amd64 52.1-8+deb8u7 <none>
2018-04-30 04:30:41 status half-configured libicu52:amd64 52.1-8+deb8u7
2018-04-30 04:30:41 status half-installed libicu52:amd64 52.1-8+deb8u7
2018-04-30 04:30:41 status config-files libicu52:amd64 52.1-8+deb8u7
2018-04-30 04:30:41 purge libicu52:amd64 52.1-8+deb8u7 <none>
2018-04-30 04:30:41 status config-files libicu52:amd64 52.1-8+deb8u7
2018-04-30 04:30:41 status config-files libicu52:amd64 52.1-8+deb8u7
2018-04-30 04:30:41 status config-files libicu52:amd64 52.1-8+deb8u7
2018-04-30 04:30:41 status config-files libicu52:amd64 52.1-8+deb8u7
2018-04-30 04:30:41 status config-files libicu52:amd64 52.1-8+deb8u7
2018-04-30 04:30:41 status not-installed libicu52:amd64 <none>
2018-04-30 04:30:41 status installed libidn11:amd64 1.29-1+deb8u2
2018-04-30 04:30:41 remove libidn11:amd64 1.29-1+deb8u2 <none>
2018-04-30 04:30:41 status half-configured libidn11:amd64 1.29-1+deb8u2
2018-04-30 04:30:41 status half-installed libidn11:amd64 1.29-1+deb8u2
2018-04-30 04:30:41 status config-files libidn11:amd64 1.29-1+deb8u2
2018-04-30 04:30:41 purge libidn11:amd64 1.29-1+deb8u2 <none>
2018-04-30 04:30:41 status config-files libidn11:amd64 1.29-1+deb8u2
2018-04-30 04:30:41 status config-files libidn11:amd64 1.29-1+deb8u2
2018-04-30 04:30:41 status config-files libidn11:amd64 1.29-1+deb8u2
2018-04-30 04:30:41 status config-files libidn11:amd64 1.29-1+deb8u2
2018-04-30 04:30:41 status config-files libidn11:amd64 1.29-1+deb8u2
2018-04-30 04:30:41 status not-installed libidn11:amd64 <none>
2018-04-30 04:30:41 status installed libisl10:amd64 0.12.2-2
2018-04-30 04:30:41 remove libisl10:amd64 0.12.2-2 <none>
2018-04-30 04:30:41 status half-configured libisl10:amd64 0.12.2-2
2018-04-30 04:30:41 status half-installed libisl10:amd64 0.12.2-2
2018-04-30 04:30:41 status config-files libisl10:amd64 0.12.2-2
2018-04-30 04:30:41 purge libisl10:amd64 0.12.2-2 <none>
2018-04-30 04:30:41 status config-files libisl10:amd64 0.12.2-2
2018-04-30 04:30:41 status config-files libisl10:amd64 0.12.2-2
2018-04-30 04:30:41 status config-files libisl10:amd64 0.12.2-2
2018-04-30 04:30:41 status config-files libisl10:amd64 0.12.2-2
2018-04-30 04:30:42 status config-files libisl10:amd64 0.12.2-2
2018-04-30 04:30:42 status not-installed libisl10:amd64 <none>
2018-04-30 04:30:42 status installed libitm1:amd64 4.9.2-10+deb8u1
2018-04-30 04:30:42 remove libitm1:amd64 4.9.2-10+deb8u1 <none>
2018-04-30 04:30:42 status half-configured libitm1:amd64 4.9.2-10+deb8u1
2018-04-30 04:30:42 status half-installed libitm1:amd64 4.9.2-10+deb8u1
2018-04-30 04:30:42 status config-files libitm1:amd64 4.9.2-10+deb8u1
2018-04-30 04:30:42 purge libitm1:amd64 4.9.2-10+deb8u1 <none>
2018-04-30 04:30:42 status config-files libitm1:amd64 4.9.2-10+deb8u1
2018-04-30 04:30:42 status config-files libitm1:amd64 4.9.2-10+deb8u1
2018-04-30 04:30:42 status config-files libitm1:amd64 4.9.2-10+deb8u1
2018-04-30 04:30:42 status config-files libitm1:amd64 4.9.2-10+deb8u1
2018-04-30 04:30:42 status config-files libitm1:amd64 4.9.2-10+deb8u1
2018-04-30 04:30:42 status not-installed libitm1:amd64 <none>
2018-04-30 04:30:42 status installed liblsan0:amd64 4.9.2-10+deb8u1
2018-04-30 04:30:42 remove liblsan0:amd64 4.9.2-10+deb8u1 <none>
2018-04-30 04:30:42 status half-configured liblsan0:amd64 4.9.2-10+deb8u1
2018-04-30 04:30:42 status half-installed liblsan0:amd64 4.9.2-10+deb8u1
2018-04-30 04:30:42 status config-files liblsan0:amd64 4.9.2-10+deb8u1
2018-04-30 04:30:42 purge liblsan0:amd64 4.9.2-10+deb8u1 <none>
2018-04-30 04:30:42 status config-files liblsan0:amd64 4.9.2-10+deb8u1
2018-04-30 04:30:42 status config-files liblsan0:amd64 4.9.2-10+deb8u1
2018-04-30 04:30:42 status config-files liblsan0:amd64 4.9.2-10+deb8u1
2018-04-30 04:30:42 status config-files liblsan0:amd64 4.9.2-10+deb8u1
2018-04-30 04:30:42 status config-files liblsan0:amd64 4.9.2-10+deb8u1
2018-04-30 04:30:42 status not-installed liblsan0:amd64 <none>
2018-04-30 04:30:42 status installed liblua5.2-dev:amd64 5.2.3-1.1
2018-04-30 04:30:42 remove liblua5.2-dev:amd64 5.2.3-1.1 <none>
2018-04-30 04:30:42 status half-configured liblua5.2-dev:amd64 5.2.3-1.1
2018-04-30 04:30:42 status half-installed liblua5.2-dev:amd64 5.2.3-1.1
2018-04-30 04:30:42 status config-files liblua5.2-dev:amd64 5.2.3-1.1
2018-04-30 04:30:42 status config-files liblua5.2-dev:amd64 5.2.3-1.1
2018-04-30 04:30:42 status config-files liblua5.2-dev:amd64 5.2.3-1.1
2018-04-30 04:30:42 status not-installed liblua5.2-dev:amd64 <none>
2018-04-30 04:30:42 status installed libmpc3:amd64 1.0.2-1
2018-04-30 04:30:42 remove libmpc3:amd64 1.0.2-1 <none>
2018-04-30 04:30:42 status half-configured libmpc3:amd64 1.0.2-1
2018-04-30 04:30:42 status half-installed libmpc3:amd64 1.0.2-1
2018-04-30 04:30:42 status config-files libmpc3:amd64 1.0.2-1
2018-04-30 04:30:42 purge libmpc3:amd64 1.0.2-1 <none>
2018-04-30 04:30:42 status config-files libmpc3:amd64 1.0.2-1
2018-04-30 04:30:42 status config-files libmpc3:amd64 1.0.2-1
2018-04-30 04:30:42 status config-files libmpc3:amd64 1.0.2-1
2018-04-30 04:30:42 status config-files libmpc3:amd64 1.0.2-1
2018-04-30 04:30:42 status config-files libmpc3:amd64 1.0.2-1
2018-04-30 04:30:42 status not-installed libmpc3:amd64 <none>
2018-04-30 04:30:42 status installed libmpfr4:amd64 3.1.2-2
2018-04-30 04:30:42 remove libmpfr4:amd64 3.1.2-2 <none>
2018-04-30 04:30:42 status half-configured libmpfr4:amd64 3.1.2-2
2018-04-30 04:30:42 status half-installed libmpfr4:amd64 3.1.2-2
2018-04-30 04:30:42 status config-files libmpfr4:amd64 3.1.2-2
2018-04-30 04:30:42 purge libmpfr4:amd64 3.1.2-2 <none>
2018-04-30 04:30:42 status config-files libmpfr4:amd64 3.1.2-2
2018-04-30 04:30:42 status config-files libmpfr4:amd64 3.1.2-2
2018-04-30 04:30:42 status config-files libmpfr4:amd64 3.1.2-2
2018-04-30 04:30:42 status config-files libmpfr4:amd64 3.1.2-2
2018-04-30 04:30:42 status config-files libmpfr4:amd64 3.1.2-2
2018-04-30 04:30:42 status not-installed libmpfr4:amd64 <none>
2018-04-30 04:30:42 status installed libpcre++-dev:amd64 0.9.5-6
2018-04-30 04:30:42 remove libpcre++-dev:amd64 0.9.5-6 <none>
2018-04-30 04:30:42 status half-configured libpcre++-dev:amd64 0.9.5-6
2018-04-30 04:30:42 status half-installed libpcre++-dev:amd64 0.9.5-6
2018-04-30 04:30:42 status config-files libpcre++-dev:amd64 0.9.5-6
2018-04-30 04:30:42 status config-files libpcre++-dev:amd64 0.9.5-6
2018-04-30 04:30:42 status config-files libpcre++-dev:amd64 0.9.5-6
2018-04-30 04:30:42 status not-installed libpcre++-dev:amd64 <none>
2018-04-30 04:30:42 status installed libpcre3-dev:amd64 2:8.35-3.3+deb8u4
2018-04-30 04:30:42 remove libpcre3-dev:amd64 2:8.35-3.3+deb8u4 <none>
2018-04-30 04:30:42 status half-configured libpcre3-dev:amd64 2:8.35-3.3+deb8u4
2018-04-30 04:30:42 status half-installed libpcre3-dev:amd64 2:8.35-3.3+deb8u4
2018-04-30 04:30:42 status config-files libpcre3-dev:amd64 2:8.35-3.3+deb8u4
2018-04-30 04:30:42 status config-files libpcre3-dev:amd64 2:8.35-3.3+deb8u4
2018-04-30 04:30:42 status config-files libpcre3-dev:amd64 2:8.35-3.3+deb8u4
2018-04-30 04:30:42 status not-installed libpcre3-dev:amd64 <none>
2018-04-30 04:30:42 status installed libpcrecpp0:amd64 2:8.35-3.3+deb8u4
2018-04-30 04:30:42 remove libpcrecpp0:amd64 2:8.35-3.3+deb8u4 <none>
2018-04-30 04:30:42 status half-configured libpcrecpp0:amd64 2:8.35-3.3+deb8u4
2018-04-30 04:30:42 status half-installed libpcrecpp0:amd64 2:8.35-3.3+deb8u4
2018-04-30 04:30:42 status config-files libpcrecpp0:amd64 2:8.35-3.3+deb8u4
2018-04-30 04:30:42 purge libpcrecpp0:amd64 2:8.35-3.3+deb8u4 <none>
2018-04-30 04:30:42 status config-files libpcrecpp0:amd64 2:8.35-3.3+deb8u4
2018-04-30 04:30:42 status config-files libpcrecpp0:amd64 2:8.35-3.3+deb8u4
2018-04-30 04:30:42 status config-files libpcrecpp0:amd64 2:8.35-3.3+deb8u4
2018-04-30 04:30:42 status config-files libpcrecpp0:amd64 2:8.35-3.3+deb8u4
2018-04-30 04:30:42 status config-files libpcrecpp0:amd64 2:8.35-3.3+deb8u4
2018-04-30 04:30:42 status not-installed libpcrecpp0:amd64 <none>
2018-04-30 04:30:42 status installed libquadmath0:amd64 4.9.2-10+deb8u1
2018-04-30 04:30:42 remove libquadmath0:amd64 4.9.2-10+deb8u1 <none>
2018-04-30 04:30:42 status half-configured libquadmath0:amd64 4.9.2-10+deb8u1
2018-04-30 04:30:42 status half-installed libquadmath0:amd64 4.9.2-10+deb8u1
2018-04-30 04:30:42 status config-files libquadmath0:amd64 4.9.2-10+deb8u1
2018-04-30 04:30:42 purge libquadmath0:amd64 4.9.2-10+deb8u1 <none>
2018-04-30 04:30:42 status config-files libquadmath0:amd64 4.9.2-10+deb8u1
2018-04-30 04:30:42 status config-files libquadmath0:amd64 4.9.2-10+deb8u1
2018-04-30 04:30:42 status config-files libquadmath0:amd64 4.9.2-10+deb8u1
2018-04-30 04:30:42 status config-files libquadmath0:amd64 4.9.2-10+deb8u1
2018-04-30 04:30:42 status config-files libquadmath0:amd64 4.9.2-10+deb8u1
2018-04-30 04:30:42 status not-installed libquadmath0:amd64 <none>
2018-04-30 04:30:42 status installed libreadline-dev:amd64 6.3-8+b3
2018-04-30 04:30:42 remove libreadline-dev:amd64 6.3-8+b3 <none>
2018-04-30 04:30:42 status half-configured libreadline-dev:amd64 6.3-8+b3
2018-04-30 04:30:42 status half-installed libreadline-dev:amd64 6.3-8+b3
2018-04-30 04:30:42 status config-files libreadline-dev:amd64 6.3-8+b3
2018-04-30 04:30:42 status config-files libreadline-dev:amd64 6.3-8+b3
2018-04-30 04:30:42 status config-files libreadline-dev:amd64 6.3-8+b3
2018-04-30 04:30:42 status not-installed libreadline-dev:amd64 <none>
2018-04-30 04:30:42 status installed libreadline6-dev:amd64 6.3-8+b3
2018-04-30 04:30:42 remove libreadline6-dev:amd64 6.3-8+b3 <none>
2018-04-30 04:30:42 status half-configured libreadline6-dev:amd64 6.3-8+b3
2018-04-30 04:30:42 status half-installed libreadline6-dev:amd64 6.3-8+b3
2018-04-30 04:30:42 status config-files libreadline6-dev:amd64 6.3-8+b3
2018-04-30 04:30:42 status config-files libreadline6-dev:amd64 6.3-8+b3
2018-04-30 04:30:42 status config-files libreadline6-dev:amd64 6.3-8+b3
2018-04-30 04:30:42 status not-installed libreadline6-dev:amd64 <none>
2018-04-30 04:30:42 status installed libssl-dev:amd64 1.0.2l-1~bpo8+1
2018-04-30 04:30:42 remove libssl-dev:amd64 1.0.2l-1~bpo8+1 <none>
2018-04-30 04:30:42 status half-configured libssl-dev:amd64 1.0.2l-1~bpo8+1
2018-04-30 04:30:42 status half-installed libssl-dev:amd64 1.0.2l-1~bpo8+1
2018-04-30 04:30:42 status config-files libssl-dev:amd64 1.0.2l-1~bpo8+1
2018-04-30 04:30:42 status config-files libssl-dev:amd64 1.0.2l-1~bpo8+1
2018-04-30 04:30:42 status config-files libssl-dev:amd64 1.0.2l-1~bpo8+1
2018-04-30 04:30:42 status not-installed libssl-dev:amd64 <none>
2018-04-30 04:30:42 status installed libtinfo-dev:amd64 5.9+20140913-1+deb8u2
2018-04-30 04:30:42 remove libtinfo-dev:amd64 5.9+20140913-1+deb8u2 <none>
2018-04-30 04:30:42 status half-configured libtinfo-dev:amd64 5.9+20140913-1+deb8u2
2018-04-30 04:30:42 status half-installed libtinfo-dev:amd64 5.9+20140913-1+deb8u2
2018-04-30 04:30:42 status config-files libtinfo-dev:amd64 5.9+20140913-1+deb8u2
2018-04-30 04:30:42 status config-files libtinfo-dev:amd64 5.9+20140913-1+deb8u2
2018-04-30 04:30:42 status config-files libtinfo-dev:amd64 5.9+20140913-1+deb8u2
2018-04-30 04:30:42 status not-installed libtinfo-dev:amd64 <none>
2018-04-30 04:30:42 status installed libtsan0:amd64 4.9.2-10+deb8u1
2018-04-30 04:30:42 remove libtsan0:amd64 4.9.2-10+deb8u1 <none>
2018-04-30 04:30:42 status half-configured libtsan0:amd64 4.9.2-10+deb8u1
2018-04-30 04:30:42 status half-installed libtsan0:amd64 4.9.2-10+deb8u1
2018-04-30 04:30:42 status config-files libtsan0:amd64 4.9.2-10+deb8u1
2018-04-30 04:30:42 purge libtsan0:amd64 4.9.2-10+deb8u1 <none>
2018-04-30 04:30:42 status config-files libtsan0:amd64 4.9.2-10+deb8u1
2018-04-30 04:30:42 status config-files libtsan0:amd64 4.9.2-10+deb8u1
2018-04-30 04:30:42 status config-files libtsan0:amd64 4.9.2-10+deb8u1
2018-04-30 04:30:42 status config-files libtsan0:amd64 4.9.2-10+deb8u1
2018-04-30 04:30:42 status config-files libtsan0:amd64 4.9.2-10+deb8u1
2018-04-30 04:30:42 status not-installed libtsan0:amd64 <none>
2018-04-30 04:30:42 status installed libubsan0:amd64 4.9.2-10+deb8u1
2018-04-30 04:30:42 remove libubsan0:amd64 4.9.2-10+deb8u1 <none>
2018-04-30 04:30:42 status half-configured libubsan0:amd64 4.9.2-10+deb8u1
2018-04-30 04:30:42 status half-installed libubsan0:amd64 4.9.2-10+deb8u1
2018-04-30 04:30:42 status config-files libubsan0:amd64 4.9.2-10+deb8u1
2018-04-30 04:30:42 purge libubsan0:amd64 4.9.2-10+deb8u1 <none>
2018-04-30 04:30:42 status config-files libubsan0:amd64 4.9.2-10+deb8u1
2018-04-30 04:30:42 status config-files libubsan0:amd64 4.9.2-10+deb8u1
2018-04-30 04:30:42 status config-files libubsan0:amd64 4.9.2-10+deb8u1
2018-04-30 04:30:42 status config-files libubsan0:amd64 4.9.2-10+deb8u1
2018-04-30 04:30:42 status config-files libubsan0:amd64 4.9.2-10+deb8u1
2018-04-30 04:30:42 status not-installed libubsan0:amd64 <none>
2018-04-30 04:30:42 status installed libxml2-dev:amd64 2.9.1+dfsg1-5+deb8u6
2018-04-30 04:30:42 remove libxml2-dev:amd64 2.9.1+dfsg1-5+deb8u6 <none>
2018-04-30 04:30:42 status half-configured libxml2-dev:amd64 2.9.1+dfsg1-5+deb8u6
2018-04-30 04:30:42 status half-installed libxml2-dev:amd64 2.9.1+dfsg1-5+deb8u6
2018-04-30 04:30:42 status config-files libxml2-dev:amd64 2.9.1+dfsg1-5+deb8u6
2018-04-30 04:30:42 status config-files libxml2-dev:amd64 2.9.1+dfsg1-5+deb8u6
2018-04-30 04:30:42 status config-files libxml2-dev:amd64 2.9.1+dfsg1-5+deb8u6
2018-04-30 04:30:42 status not-installed libxml2-dev:amd64 <none>
2018-04-30 04:30:42 status installed make:amd64 4.0-8.1
2018-04-30 04:30:42 remove make:amd64 4.0-8.1 <none>
2018-04-30 04:30:42 status half-configured make:amd64 4.0-8.1
2018-04-30 04:30:42 status half-installed make:amd64 4.0-8.1
2018-04-30 04:30:42 status config-files make:amd64 4.0-8.1
2018-04-30 04:30:42 status config-files make:amd64 4.0-8.1
2018-04-30 04:30:42 status config-files make:amd64 4.0-8.1
2018-04-30 04:30:42 status not-installed make:amd64 <none>
2018-04-30 04:30:42 status installed openssl:amd64 1.0.1t-1+deb8u8
2018-04-30 04:30:42 remove openssl:amd64 1.0.1t-1+deb8u8 <none>
2018-04-30 04:30:42 status half-configured openssl:amd64 1.0.1t-1+deb8u8
2018-04-30 04:30:42 status half-installed openssl:amd64 1.0.1t-1+deb8u8
2018-04-30 04:30:42 status config-files openssl:amd64 1.0.1t-1+deb8u8
2018-04-30 04:30:42 purge openssl:amd64 1.0.1t-1+deb8u8 <none>
2018-04-30 04:30:42 status config-files openssl:amd64 1.0.1t-1+deb8u8
2018-04-30 04:30:42 status config-files openssl:amd64 1.0.1t-1+deb8u8
2018-04-30 04:30:42 status config-files openssl:amd64 1.0.1t-1+deb8u8
2018-04-30 04:30:42 status config-files openssl:amd64 1.0.1t-1+deb8u8
2018-04-30 04:30:42 status config-files openssl:amd64 1.0.1t-1+deb8u8
2018-04-30 04:30:42 status not-installed openssl:amd64 <none>
2018-04-30 04:30:42 status installed patch:amd64 2.7.5-1
2018-04-30 04:30:42 remove patch:amd64 2.7.5-1 <none>
2018-04-30 04:30:42 status half-configured patch:amd64 2.7.5-1
2018-04-30 04:30:42 status half-installed patch:amd64 2.7.5-1
2018-04-30 04:30:42 status config-files patch:amd64 2.7.5-1
2018-04-30 04:30:42 status config-files patch:amd64 2.7.5-1
2018-04-30 04:30:42 status config-files patch:amd64 2.7.5-1
2018-04-30 04:30:42 status not-installed patch:amd64 <none>
2018-04-30 04:30:42 status installed perl-modules:all 5.20.2-3+deb8u10
2018-04-30 04:30:42 remove perl-modules:all 5.20.2-3+deb8u10 <none>
2018-04-30 04:30:42 status half-configured perl-modules:all 5.20.2-3+deb8u10
2018-04-30 04:30:42 status half-installed perl-modules:all 5.20.2-3+deb8u10
2018-04-30 04:30:42 status config-files perl-modules:all 5.20.2-3+deb8u10
2018-04-30 04:30:42 purge perl-modules:all 5.20.2-3+deb8u10 <none>
2018-04-30 04:30:42 status config-files perl-modules:all 5.20.2-3+deb8u10
2018-04-30 04:30:42 status config-files perl-modules:all 5.20.2-3+deb8u10
2018-04-30 04:30:42 status config-files perl-modules:all 5.20.2-3+deb8u10
2018-04-30 04:30:42 status config-files perl-modules:all 5.20.2-3+deb8u10
2018-04-30 04:30:42 status config-files perl-modules:all 5.20.2-3+deb8u10
2018-04-30 04:30:42 status not-installed perl-modules:all <none>
2018-04-30 04:30:42 status installed zlib1g-dev:amd64 1:1.2.8.dfsg-2+b1
2018-04-30 04:30:42 remove zlib1g-dev:amd64 1:1.2.8.dfsg-2+b1 <none>
2018-04-30 04:30:42 status half-configured zlib1g-dev:amd64 1:1.2.8.dfsg-2+b1
2018-04-30 04:30:42 status half-installed zlib1g-dev:amd64 1:1.2.8.dfsg-2+b1
2018-04-30 04:30:42 status config-files zlib1g-dev:amd64 1:1.2.8.dfsg-2+b1
2018-04-30 04:30:42 status config-files zlib1g-dev:amd64 1:1.2.8.dfsg-2+b1
2018-04-30 04:30:42 status config-files zlib1g-dev:amd64 1:1.2.8.dfsg-2+b1
2018-04-30 04:30:42 status not-installed zlib1g-dev:amd64 <none>
2018-04-30 04:30:42 trigproc libc-bin:amd64 2.19-18+deb8u10 <none>
2018-04-30 04:30:42 status half-configured libc-bin:amd64 2.19-18+deb8u10
2018-04-30 04:30:42 status installed libc-bin:amd64 2.19-18+deb8u10
2018-04-30 04:30:43 startup packages configure
